Aligning ChIP seq PET files:
Fragment length alowed in the 100 - 500 range
Index file: /u/w/e/welch/Desktop/Docs/Code/lib/bowtie2-2.2.6/indexes/ecoli/NC_000913
Threads used: 24
Allowing reads to align to at most 1 positions
11825205 reads; of these:
  11825205 (100.00%) were paired; of these:
    2615827 (22.12%) aligned concordantly 0 times
    9209378 (77.88%) aligned concordantly exactly 1 time
    0 (0.00%) aligned concordantly >1 times
    ----
    2615827 pairs aligned concordantly 0 times; of these:
      1293195 (49.44%) aligned discordantly 1 time
    ----
    1322632 pairs aligned 0 times concordantly or discordantly; of these:
      2645264 mates make up the pairs; of these:
        1521040 (57.50%) aligned 0 times
        1026817 (38.82%) aligned exactly 1 time
        97407 (3.68%) aligned >1 times
93.57% overall alignment rate
14985772 reads; of these:
  14985772 (100.00%) were paired; of these:
    3510740 (23.43%) aligned concordantly 0 times
    11475032 (76.57%) aligned concordantly exactly 1 time
    0 (0.00%) aligned concordantly >1 times
    ----
    3510740 pairs aligned concordantly 0 times; of these:
      1522685 (43.37%) aligned discordantly 1 time
    ----
    1988055 pairs aligned 0 times concordantly or discordantly; of these:
      3976110 mates make up the pairs; of these:
        2247140 (56.52%) aligned 0 times
        1650911 (41.52%) aligned exactly 1 time
        78059 (1.96%) aligned >1 times
92.50% overall alignment rate
9005641 reads; of these:
  9005641 (100.00%) were paired; of these:
    1119831 (12.43%) aligned concordantly 0 times
    7885810 (87.57%) aligned concordantly exactly 1 time
    0 (0.00%) aligned concordantly >1 times
    ----
    1119831 pairs aligned concordantly 0 times; of these:
      253838 (22.67%) aligned discordantly 1 time
    ----
    865993 pairs aligned 0 times concordantly or discordantly; of these:
      1731986 mates make up the pairs; of these:
        1069901 (61.77%) aligned 0 times
        643339 (37.14%) aligned exactly 1 time
        18746 (1.08%) aligned >1 times
94.06% overall alignment rate
14002998 reads; of these:
  14002998 (100.00%) were paired; of these:
    2396946 (17.12%) aligned concordantly 0 times
    11606052 (82.88%) aligned concordantly exactly 1 time
    0 (0.00%) aligned concordantly >1 times
    ----
    2396946 pairs aligned concordantly 0 times; of these:
      651027 (27.16%) aligned discordantly 1 time
    ----
    1745919 pairs aligned 0 times concordantly or discordantly; of these:
      3491838 mates make up the pairs; of these:
        2020446 (57.86%) aligned 0 times
        1435388 (41.11%) aligned exactly 1 time
        36004 (1.03%) aligned >1 times
92.79% overall alignment rate
16923160 reads; of these:
  16923160 (100.00%) were paired; of these:
    2705817 (15.99%) aligned concordantly 0 times
    14217343 (84.01%) aligned concordantly exactly 1 time
    0 (0.00%) aligned concordantly >1 times
    ----
    2705817 pairs aligned concordantly 0 times; of these:
      993661 (36.72%) aligned discordantly 1 time
    ----
    1712156 pairs aligned 0 times concordantly or discordantly; of these:
      3424312 mates make up the pairs; of these:
        1955127 (57.10%) aligned 0 times
        1428425 (41.71%) aligned exactly 1 time
        40760 (1.19%) aligned >1 times
94.22% overall alignment rate
