This is pdfTeX, Version 3.1415926-2.5-1.40.14 (TeX Live 2013/Debian) (format=pdflatex 2015.12.16)  6 JUL 2016 20:48
entering extended mode
 restricted \write18 enabled.
 %&-line parsing enabled.
**chipexo_QC_vs2.tex
(./chipexo_QC_vs2.tex
LaTeX2e <2011/06/27>
Babel <3.9h> and hyphenation patterns for 78 languages loaded.
(./bmcart.cls
Document Class: bmcart 2014/01/24BioMed Central class (VS)
(/usr/share/texlive/texmf-dist/tex/latex/base/article.cls
Document Class: article 2007/10/19 v1.4h Standard LaTeX document class
(/usr/share/texlive/texmf-dist/tex/latex/base/size10.clo
File: size10.clo 2007/10/19 v1.4h Standard LaTeX file (size option)
)
\c@part=\count79
\c@section=\count80
\c@subsection=\count81
\c@subsubsection=\count82
\c@paragraph=\count83
\c@subparagraph=\count84
\c@figure=\count85
\c@table=\count86
\abovecaptionskip=\skip41
\belowcaptionskip=\skip42
\bibindent=\dimen102
)
\mathindent=\dimen103

(/usr/share/texlive/texmf-dist/tex/latex/graphics/keyval.sty
Package: keyval 1999/03/16 v1.13 key=value parser (DPC)
\KV@toks@=\toks14
)
(/usr/share/texmf/tex/latex/xcolor/xcolor.sty
Package: xcolor 2007/01/21 v2.11 LaTeX color extensions (UK)

(/usr/share/texlive/texmf-dist/tex/latex/latexconfig/color.cfg
File: color.cfg 2007/01/18 v1.5 color configuration of teTeX/TeXLive
)
Package xcolor Info: Driver file: pdftex.def on input line 225.

(/usr/share/texlive/texmf-dist/tex/latex/pdftex-def/pdftex.def
File: pdftex.def 2011/05/27 v0.06d Graphics/color for pdfTeX

(/usr/share/texlive/texmf-dist/tex/generic/oberdiek/infwarerr.sty
Package: infwarerr 2010/04/08 v1.3 Providing info/warning/error messages (HO)
)
(/usr/share/texlive/texmf-dist/tex/generic/oberdiek/ltxcmds.sty
Package: ltxcmds 2011/11/09 v1.22 LaTeX kernel commands for general use (HO)
)
\Gread@gobject=\count87
)
Package xcolor Info: Model `cmy' substituted by `cmy0' on input line 1337.
Package xcolor Info: Model `hsb' substituted by `rgb' on input line 1341.
Package xcolor Info: Model `RGB' extended on input line 1353.
Package xcolor Info: Model `HTML' substituted by `rgb' on input line 1355.
Package xcolor Info: Model `Hsb' substituted by `hsb' on input line 1356.
Package xcolor Info: Model `tHsb' substituted by `hsb' on input line 1357.
Package xcolor Info: Model `HSB' substituted by `hsb' on input line 1358.
Package xcolor Info: Model `Gray' substituted by `gray' on input line 1359.
Package xcolor Info: Model `wave' substituted by `hsb' on input line 1360.
)
(/usr/share/texlive/texmf-dist/tex/latex/lastpage/lastpage.sty
Package: lastpage 2013/01/28 v1.2l Refers to last page's name (HMM; JPG)
)
\c@thanks=\count88
\bmcfloat@box=\box26
\c@author=\count89
\c@address=\count90
\sv@mathsurround=\dimen104
\fm@box=\box27
\c@addressref=\count91
\thanks@box=\box28
\abstract@box=\box29
\authors@list=\toks15
\keywords@list=\toks16
)
(/usr/share/texlive/texmf-dist/tex/latex/url/url.sty
\Urlmuskip=\muskip10
Package: url 2013/09/16  ver 3.4  Verb mode for urls, etc.
)
(/usr/share/texlive/texmf-dist/tex/latex/amsmath/amsmath.sty
Package: amsmath 2013/01/14 v2.14 AMS math features
\@mathmargin=\skip43

For additional information on amsmath, use the `?' option.
(/usr/share/texlive/texmf-dist/tex/latex/amsmath/amstext.sty
Package: amstext 2000/06/29 v2.01

(/usr/share/texlive/texmf-dist/tex/latex/amsmath/amsgen.sty
File: amsgen.sty 1999/11/30 v2.0
\@emptytoks=\toks17
\ex@=\dimen105
))
(/usr/share/texlive/texmf-dist/tex/latex/amsmath/amsbsy.sty
Package: amsbsy 1999/11/29 v1.2d
\pmbraise@=\dimen106
)
(/usr/share/texlive/texmf-dist/tex/latex/amsmath/amsopn.sty
Package: amsopn 1999/12/14 v2.01 operator names
)
\inf@bad=\count92
LaTeX Info: Redefining \frac on input line 210.
\uproot@=\count93
\leftroot@=\count94
LaTeX Info: Redefining \overline on input line 306.
\classnum@=\count95
\DOTSCASE@=\count96
LaTeX Info: Redefining \ldots on input line 378.
LaTeX Info: Redefining \dots on input line 381.
LaTeX Info: Redefining \cdots on input line 466.
\Mathstrutbox@=\box30
\strutbox@=\box31
\big@size=\dimen107
LaTeX Font Info:    Redeclaring font encoding OML on input line 566.
LaTeX Font Info:    Redeclaring font encoding OMS on input line 567.
\macc@depth=\count97
\c@MaxMatrixCols=\count98
\dotsspace@=\muskip11
\c@parentequation=\count99
\dspbrk@lvl=\count100
\tag@help=\toks18
\row@=\count101
\column@=\count102
\maxfields@=\count103
\andhelp@=\toks19
\eqnshift@=\dimen108
\alignsep@=\dimen109
\tagshift@=\dimen110
\tagwidth@=\dimen111
\totwidth@=\dimen112
\lineht@=\dimen113
\@envbody=\toks20
\multlinegap=\skip44
\multlinetaggap=\skip45
\mathdisplay@stack=\toks21
LaTeX Info: Redefining \[ on input line 2665.
LaTeX Info: Redefining \] on input line 2666.
)
(/usr/share/texlive/texmf-dist/tex/latex/amscls/amsthm.sty
Package: amsthm 2004/08/06 v2.20
\thm@style=\toks22
\thm@bodyfont=\toks23
\thm@headfont=\toks24
\thm@notefont=\toks25
\thm@headpunct=\toks26
\thm@preskip=\skip46
\thm@postskip=\skip47
\thm@headsep=\skip48
\dth@everypar=\toks27
)
(/usr/share/texlive/texmf-dist/tex/latex/amsfonts/amssymb.sty
Package: amssymb 2013/01/14 v3.01 AMS font symbols

(/usr/share/texlive/texmf-dist/tex/latex/amsfonts/amsfonts.sty
Package: amsfonts 2013/01/14 v3.01 Basic AMSFonts support
\symAMSa=\mathgroup4
\symAMSb=\mathgroup5
LaTeX Font Info:    Overwriting math alphabet `\mathfrak' in version `bold'
(Font)                  U/euf/m/n --> U/euf/b/n on input line 106.
))
(/usr/share/texlive/texmf-dist/tex/latex/graphics/graphicx.sty
Package: graphicx 1999/02/16 v1.0f Enhanced LaTeX Graphics (DPC,SPQR)

(/usr/share/texlive/texmf-dist/tex/latex/graphics/graphics.sty
Package: graphics 2009/02/05 v1.0o Standard LaTeX Graphics (DPC,SPQR)

(/usr/share/texlive/texmf-dist/tex/latex/graphics/trig.sty
Package: trig 1999/03/16 v1.09 sin cos tan (DPC)
)
(/usr/share/texlive/texmf-dist/tex/latex/latexconfig/graphics.cfg
File: graphics.cfg 2010/04/23 v1.9 graphics configuration of TeX Live
)
Package graphics Info: Driver file: pdftex.def on input line 91.
)
\Gin@req@height=\dimen114
\Gin@req@width=\dimen115
)
(/usr/share/texmf/tex/latex/pgf/frontendlayer/tikz.sty
(/usr/share/texmf/tex/latex/pgf/basiclayer/pgf.sty
(/usr/share/texmf/tex/latex/pgf/utilities/pgfrcs.sty
(/usr/share/texmf/tex/generic/pgf/utilities/pgfutil-common.tex
\pgfutil@everybye=\toks28
)
(/usr/share/texmf/tex/generic/pgf/utilities/pgfutil-latex.def
\pgfutil@abb=\box32

(/usr/share/texlive/texmf-dist/tex/latex/ms/everyshi.sty
Package: everyshi 2001/05/15 v3.00 EveryShipout Package (MS)
))
(/usr/share/texmf/tex/generic/pgf/utilities/pgfrcs.code.tex
Package: pgfrcs 2010/10/25 v2.10 (rcs-revision 1.24)
))
Package: pgf 2008/01/15 v2.10 (rcs-revision 1.12)

(/usr/share/texmf/tex/latex/pgf/basiclayer/pgfcore.sty
(/usr/share/texmf/tex/latex/pgf/systemlayer/pgfsys.sty
(/usr/share/texmf/tex/generic/pgf/systemlayer/pgfsys.code.tex
Package: pgfsys 2010/06/30 v2.10 (rcs-revision 1.37)

(/usr/share/texmf/tex/generic/pgf/utilities/pgfkeys.code.tex
\pgfkeys@pathtoks=\toks29
\pgfkeys@temptoks=\toks30

(/usr/share/texmf/tex/generic/pgf/utilities/pgfkeysfiltered.code.tex
\pgfkeys@tmptoks=\toks31
))
\pgf@x=\dimen116
\pgf@y=\dimen117
\pgf@xa=\dimen118
\pgf@ya=\dimen119
\pgf@xb=\dimen120
\pgf@yb=\dimen121
\pgf@xc=\dimen122
\pgf@yc=\dimen123
\w@pgf@writea=\write3
\r@pgf@reada=\read1
\c@pgf@counta=\count104
\c@pgf@countb=\count105
\c@pgf@countc=\count106
\c@pgf@countd=\count107

(/usr/share/texmf/tex/generic/pgf/systemlayer/pgf.cfg
File: pgf.cfg 2008/05/14  (rcs-revision 1.7)
)
Package pgfsys Info: Driver file for pgf: pgfsys-pdftex.def on input line 900.

(/usr/share/texmf/tex/generic/pgf/systemlayer/pgfsys-pdftex.def
File: pgfsys-pdftex.def 2009/05/22  (rcs-revision 1.26)

(/usr/share/texmf/tex/generic/pgf/systemlayer/pgfsys-common-pdf.def
File: pgfsys-common-pdf.def 2008/05/19  (rcs-revision 1.10)
)))
(/usr/share/texmf/tex/generic/pgf/systemlayer/pgfsyssoftpath.code.tex
File: pgfsyssoftpath.code.tex 2008/07/18  (rcs-revision 1.7)
\pgfsyssoftpath@smallbuffer@items=\count108
\pgfsyssoftpath@bigbuffer@items=\count109
)
(/usr/share/texmf/tex/generic/pgf/systemlayer/pgfsysprotocol.code.tex
File: pgfsysprotocol.code.tex 2006/10/16  (rcs-revision 1.4)
))
(/usr/share/texmf/tex/generic/pgf/basiclayer/pgfcore.code.tex
Package: pgfcore 2010/04/11 v2.10 (rcs-revision 1.7)

(/usr/share/texmf/tex/generic/pgf/math/pgfmath.code.tex
(/usr/share/texmf/tex/generic/pgf/math/pgfmathcalc.code.tex
(/usr/share/texmf/tex/generic/pgf/math/pgfmathutil.code.tex)
(/usr/share/texmf/tex/generic/pgf/math/pgfmathparser.code.tex
\pgfmath@dimen=\dimen124
\pgfmath@count=\count110
\pgfmath@box=\box33
\pgfmath@toks=\toks32
\pgfmath@stack@operand=\toks33
\pgfmath@stack@operation=\toks34
)
(/usr/share/texmf/tex/generic/pgf/math/pgfmathfunctions.code.tex
(/usr/share/texmf/tex/generic/pgf/math/pgfmathfunctions.basic.code.tex)
(/usr/share/texmf/tex/generic/pgf/math/pgfmathfunctions.trigonometric.code.tex)
(/usr/share/texmf/tex/generic/pgf/math/pgfmathfunctions.random.code.tex)
(/usr/share/texmf/tex/generic/pgf/math/pgfmathfunctions.comparison.code.tex)
(/usr/share/texmf/tex/generic/pgf/math/pgfmathfunctions.base.code.tex)
(/usr/share/texmf/tex/generic/pgf/math/pgfmathfunctions.round.code.tex)
(/usr/share/texmf/tex/generic/pgf/math/pgfmathfunctions.misc.code.tex)))
(/usr/share/texmf/tex/generic/pgf/math/pgfmathfloat.code.tex
\c@pgfmathroundto@lastzeros=\count111
))
(/usr/share/texmf/tex/generic/pgf/basiclayer/pgfcorepoints.code.tex
File: pgfcorepoints.code.tex 2010/04/09  (rcs-revision 1.20)
\pgf@picminx=\dimen125
\pgf@picmaxx=\dimen126
\pgf@picminy=\dimen127
\pgf@picmaxy=\dimen128
\pgf@pathminx=\dimen129
\pgf@pathmaxx=\dimen130
\pgf@pathminy=\dimen131
\pgf@pathmaxy=\dimen132
\pgf@xx=\dimen133
\pgf@xy=\dimen134
\pgf@yx=\dimen135
\pgf@yy=\dimen136
\pgf@zx=\dimen137
\pgf@zy=\dimen138
)
(/usr/share/texmf/tex/generic/pgf/basiclayer/pgfcorepathconstruct.code.tex
File: pgfcorepathconstruct.code.tex 2010/08/03  (rcs-revision 1.24)
\pgf@path@lastx=\dimen139
\pgf@path@lasty=\dimen140
)
(/usr/share/texmf/tex/generic/pgf/basiclayer/pgfcorepathusage.code.tex
File: pgfcorepathusage.code.tex 2008/04/22  (rcs-revision 1.12)
\pgf@shorten@end@additional=\dimen141
\pgf@shorten@start@additional=\dimen142
)
(/usr/share/texmf/tex/generic/pgf/basiclayer/pgfcorescopes.code.tex
File: pgfcorescopes.code.tex 2010/09/08  (rcs-revision 1.34)
\pgfpic=\box34
\pgf@hbox=\box35
\pgf@layerbox@main=\box36
\pgf@picture@serial@count=\count112
)
(/usr/share/texmf/tex/generic/pgf/basiclayer/pgfcoregraphicstate.code.tex
File: pgfcoregraphicstate.code.tex 2008/04/22  (rcs-revision 1.9)
\pgflinewidth=\dimen143
)
(/usr/share/texmf/tex/generic/pgf/basiclayer/pgfcoretransformations.code.tex
File: pgfcoretransformations.code.tex 2009/06/10  (rcs-revision 1.11)
\pgf@pt@x=\dimen144
\pgf@pt@y=\dimen145
\pgf@pt@temp=\dimen146
)
(/usr/share/texmf/tex/generic/pgf/basiclayer/pgfcorequick.code.tex
File: pgfcorequick.code.tex 2008/10/09  (rcs-revision 1.3)
)
(/usr/share/texmf/tex/generic/pgf/basiclayer/pgfcoreobjects.code.tex
File: pgfcoreobjects.code.tex 2006/10/11  (rcs-revision 1.2)
)
(/usr/share/texmf/tex/generic/pgf/basiclayer/pgfcorepathprocessing.code.tex
File: pgfcorepathprocessing.code.tex 2008/10/09  (rcs-revision 1.8)
)
(/usr/share/texmf/tex/generic/pgf/basiclayer/pgfcorearrows.code.tex
File: pgfcorearrows.code.tex 2008/04/23  (rcs-revision 1.11)
)
(/usr/share/texmf/tex/generic/pgf/basiclayer/pgfcoreshade.code.tex
File: pgfcoreshade.code.tex 2008/11/23  (rcs-revision 1.13)
\pgf@max=\dimen147
\pgf@sys@shading@range@num=\count113
)
(/usr/share/texmf/tex/generic/pgf/basiclayer/pgfcoreimage.code.tex
File: pgfcoreimage.code.tex 2010/03/25  (rcs-revision 1.16)

(/usr/share/texmf/tex/generic/pgf/basiclayer/pgfcoreexternal.code.tex
File: pgfcoreexternal.code.tex 2010/09/01  (rcs-revision 1.17)
\pgfexternal@startupbox=\box37
))
(/usr/share/texmf/tex/generic/pgf/basiclayer/pgfcorelayers.code.tex
File: pgfcorelayers.code.tex 2010/08/27  (rcs-revision 1.2)
)
(/usr/share/texmf/tex/generic/pgf/basiclayer/pgfcoretransparency.code.tex
File: pgfcoretransparency.code.tex 2008/01/17  (rcs-revision 1.2)
)
(/usr/share/texmf/tex/generic/pgf/basiclayer/pgfcorepatterns.code.tex
File: pgfcorepatterns.code.tex 2009/07/02  (rcs-revision 1.3)
)))
(/usr/share/texmf/tex/generic/pgf/modules/pgfmoduleshapes.code.tex
File: pgfmoduleshapes.code.tex 2010/09/09  (rcs-revision 1.13)
\pgfnodeparttextbox=\box38
)
(/usr/share/texmf/tex/generic/pgf/modules/pgfmoduleplot.code.tex
File: pgfmoduleplot.code.tex 2010/10/22  (rcs-revision 1.8)
)
(/usr/share/texmf/tex/latex/pgf/compatibility/pgfcomp-version-0-65.sty
Package: pgfcomp-version-0-65 2007/07/03 v2.10 (rcs-revision 1.7)
\pgf@nodesepstart=\dimen148
\pgf@nodesepend=\dimen149
)
(/usr/share/texmf/tex/latex/pgf/compatibility/pgfcomp-version-1-18.sty
Package: pgfcomp-version-1-18 2007/07/23 v2.10 (rcs-revision 1.1)
))
(/usr/share/texmf/tex/latex/pgf/utilities/pgffor.sty
(/usr/share/texmf/tex/latex/pgf/utilities/pgfkeys.sty
(/usr/share/texmf/tex/generic/pgf/utilities/pgfkeys.code.tex))
(/usr/share/texmf/tex/generic/pgf/utilities/pgffor.code.tex
Package: pgffor 2010/03/23 v2.10 (rcs-revision 1.18)
\pgffor@iter=\dimen150
\pgffor@skip=\dimen151
\pgffor@stack=\toks35
\pgffor@toks=\toks36
))
(/usr/share/texmf/tex/generic/pgf/frontendlayer/tikz/tikz.code.tex
Package: tikz 2010/10/13 v2.10 (rcs-revision 1.76)

(/usr/share/texmf/tex/generic/pgf/libraries/pgflibraryplothandlers.code.tex
File: pgflibraryplothandlers.code.tex 2010/05/31 v2.10 (rcs-revision 1.15)
\pgf@plot@mark@count=\count114
\pgfplotmarksize=\dimen152
)
\tikz@lastx=\dimen153
\tikz@lasty=\dimen154
\tikz@lastxsaved=\dimen155
\tikz@lastysaved=\dimen156
\tikzleveldistance=\dimen157
\tikzsiblingdistance=\dimen158
\tikz@figbox=\box39
\tikz@tempbox=\box40
\tikztreelevel=\count115
\tikznumberofchildren=\count116
\tikznumberofcurrentchild=\count117
\tikz@fig@count=\count118

(/usr/share/texmf/tex/generic/pgf/modules/pgfmodulematrix.code.tex
File: pgfmodulematrix.code.tex 2010/08/24  (rcs-revision 1.4)
\pgfmatrixcurrentrow=\count119
\pgfmatrixcurrentcolumn=\count120
\pgf@matrix@numberofcolumns=\count121
)
\tikz@expandcount=\count122

(/usr/share/texmf/tex/generic/pgf/frontendlayer/tikz/libraries/tikzlibrarytopat
hs.code.tex
File: tikzlibrarytopaths.code.tex 2008/06/17 v2.10 (rcs-revision 1.2)
)))
(/usr/share/texmf/tex/generic/pgf/frontendlayer/tikz/libraries/tikzlibraryshape
s.code.tex
File: tikzlibraryshapes.code.tex 2008/01/09 v2.10 (rcs-revision 1.1)

(/usr/share/texmf/tex/generic/pgf/frontendlayer/tikz/libraries/tikzlibraryshape
s.geometric.code.tex
File: tikzlibraryshapes.geometric.code.tex 2008/01/09 v2.10 (rcs-revision 1.1)

(/usr/share/texmf/tex/generic/pgf/libraries/shapes/pgflibraryshapes.geometric.c
ode.tex
File: pgflibraryshapes.geometric.code.tex 2008/06/26 v2.10 (rcs-revision 1.1)
))
(/usr/share/texmf/tex/generic/pgf/frontendlayer/tikz/libraries/tikzlibraryshape
s.misc.code.tex
File: tikzlibraryshapes.misc.code.tex 2008/01/09 v2.10 (rcs-revision 1.1)

(/usr/share/texmf/tex/generic/pgf/libraries/shapes/pgflibraryshapes.misc.code.t
ex
File: pgflibraryshapes.misc.code.tex 2008/10/07 v2.10 (rcs-revision 1.3)
))
(/usr/share/texmf/tex/generic/pgf/frontendlayer/tikz/libraries/tikzlibraryshape
s.symbols.code.tex
File: tikzlibraryshapes.symbols.code.tex 2008/01/09 v2.10 (rcs-revision 1.1)

(/usr/share/texmf/tex/generic/pgf/libraries/shapes/pgflibraryshapes.symbols.cod
e.tex
File: pgflibraryshapes.symbols.code.tex 2009/10/27 v2.10 (rcs-revision 1.3)
))
(/usr/share/texmf/tex/generic/pgf/frontendlayer/tikz/libraries/tikzlibraryshape
s.arrows.code.tex
File: tikzlibraryshapes.arrows.code.tex 2008/01/09 v2.10 (rcs-revision 1.1)

(/usr/share/texmf/tex/generic/pgf/libraries/shapes/pgflibraryshapes.arrows.code
.tex
File: pgflibraryshapes.arrows.code.tex 2008/06/26 v2.10 (rcs-revision 1.1)
))
(/usr/share/texmf/tex/generic/pgf/frontendlayer/tikz/libraries/tikzlibraryshape
s.callouts.code.tex
(/usr/share/texmf/tex/generic/pgf/libraries/shapes/pgflibraryshapes.callouts.co
de.tex))
(/usr/share/texmf/tex/generic/pgf/frontendlayer/tikz/libraries/tikzlibraryshape
s.multipart.code.tex
File: tikzlibraryshapes.multipart.code.tex 2008/01/09 v2.10 (rcs-revision 1.1)

(/usr/share/texmf/tex/generic/pgf/libraries/shapes/pgflibraryshapes.multipart.c
ode.tex
File: pgflibraryshapes.multipart.code.tex 2010/01/07 v2.10 (rcs-revision 1.2)
\pgfnodepartlowerbox=\box41
\pgfnodeparttwobox=\box42
\pgfnodepartthreebox=\box43
\pgfnodepartfourbox=\box44
\pgfnodeparttwentybox=\box45
\pgfnodepartnineteenbox=\box46
\pgfnodeparteighteenbox=\box47
\pgfnodepartseventeenbox=\box48
\pgfnodepartsixteenbox=\box49
\pgfnodepartfifteenbox=\box50
\pgfnodepartfourteenbox=\box51
\pgfnodepartthirteenbox=\box52
\pgfnodeparttwelvebox=\box53
\pgfnodepartelevenbox=\box54
\pgfnodeparttenbox=\box55
\pgfnodepartninebox=\box56
\pgfnodeparteightbox=\box57
\pgfnodepartsevenbox=\box58
\pgfnodepartsixbox=\box59
\pgfnodepartfivebox=\box60
)))
(/usr/share/texmf/tex/generic/pgf/frontendlayer/tikz/libraries/tikzlibraryarrow
s.code.tex
File: tikzlibraryarrows.code.tex 2008/01/09 v2.10 (rcs-revision 1.1)

(/usr/share/texmf/tex/generic/pgf/libraries/pgflibraryarrows.code.tex
File: pgflibraryarrows.code.tex 2008/10/27 v2.10 (rcs-revision 1.9)
\arrowsize=\dimen159
))
(/usr/share/texlive/texmf-dist/tex/latex/float/float.sty
Package: float 2001/11/08 v1.3d Float enhancements (AL)
\c@float@type=\count123
\float@exts=\toks37
\float@box=\box61
\@float@everytoks=\toks38
\@floatcapt=\box62
)
(/usr/share/texlive/texmf-dist/tex/latex/tools/verbatim.sty
Package: verbatim 2003/08/22 v1.5q LaTeX2e package for verbatim enhancements
\every@verbatim=\toks39
\verbatim@line=\toks40
\verbatim@in@stream=\read2
)
(/usr/share/texlive/texmf-dist/tex/latex/tabu/tabu.sty
Package: tabu 2011/02/26 v2.8 - flexible LaTeX tabulars (FC)

(/usr/share/texlive/texmf-dist/tex/latex/tools/array.sty
Package: array 2008/09/09 v2.4c Tabular extension package (FMi)
\col@sep=\dimen160
\extrarowheight=\dimen161
\NC@list=\toks41
\extratabsurround=\skip49
\backup@length=\skip50
)
(/usr/share/texlive/texmf-dist/tex/latex/varwidth/varwidth.sty
Package: varwidth 2009/03/30 ver 0.92;  Variable-width minipages
\@vwid@box=\box63
\sift@deathcycles=\count124
\@vwid@loff=\dimen162
\@vwid@roff=\dimen163
)
\c@taburow=\count125
\tabu@nbcols=\count126
\tabu@cnt=\count127
\tabu@Xcol=\count128
\tabu@alloc=\count129
\tabu@nested=\count130
\tabu@target=\dimen164
\tabu@spreadtarget=\dimen165
\tabu@naturalX=\dimen166
\tabucolX=\dimen167
\tabu@Xsum=\dimen168
\extrarowdepth=\dimen169
\abovetabulinesep=\dimen170
\belowtabulinesep=\dimen171
\tabustrutrule=\dimen172
\tabu@thebody=\toks42
\tabu@footnotes=\toks43
\tabu@box=\box64
\tabu@arstrutbox=\box65
\tabu@hleads=\box66
\tabu@vleads=\box67
\tabu@cellskip=\skip51
)
(/usr/share/texlive/texmf-dist/tex/latex/multirow/multirow.sty
\bigstrutjot=\dimen173
)
(/usr/share/texlive/texmf-dist/tex/latex/framed/framed.sty
Package: framed 2011/10/22 v 0.96: framed or shaded text with page breaks
\OuterFrameSep=\skip52
\fb@frw=\dimen174
\fb@frh=\dimen175
\FrameRule=\dimen176
\FrameSep=\dimen177
)
(/usr/share/texlive/texmf-dist/tex/latex/tools/xr.sty
Package: xr 1994/05/28 v5.02 eXternal References (DPC)
)
Package xr Info: IMPORTING LABELS FROM supplement.aux on input line 17.

(/usr/share/texlive/texmf-dist/tex/latex/was/gensymb.sty
Package: gensymb 2003/07/02 v1.0 (WaS)
)
(/usr/share/texlive/texmf-dist/tex/latex/listings/listings.sty
\lst@mode=\count131
\lst@gtempboxa=\box68
\lst@token=\toks44
\lst@length=\count132
\lst@currlwidth=\dimen178
\lst@column=\count133
\lst@pos=\count134
\lst@lostspace=\dimen179
\lst@width=\dimen180
\lst@newlines=\count135
\lst@lineno=\count136
\lst@maxwidth=\dimen181

(/usr/share/texlive/texmf-dist/tex/latex/listings/lstmisc.sty
File: lstmisc.sty 2013/08/26 1.5b (Carsten Heinz)
\c@lstnumber=\count137
\lst@skipnumbers=\count138
\lst@framebox=\box69
)
(/usr/share/texlive/texmf-dist/tex/latex/listings/listings.cfg
File: listings.cfg 2013/08/26 1.5b listings configuration
))
Package: listings 2013/08/26 1.5b (Carsten Heinz)

(/usr/share/texlive/texmf-dist/tex/latex/soul/soul.sty
Package: soul 2003/11/17 v2.4 letterspacing/underlining (mf)
\SOUL@word=\toks45
\SOUL@lasttoken=\toks46
\SOUL@cmds=\toks47
\SOUL@buffer=\toks48
\SOUL@token=\toks49
\SOUL@spaceskip=\skip53
\SOUL@ttwidth=\dimen182
\SOUL@uldp=\dimen183
\SOUL@ulht=\dimen184
)
(/usr/share/texlive/texmf-dist/tex/latex/base/inputenc.sty
Package: inputenc 2008/03/30 v1.1d Input encoding file
\inpenc@prehook=\toks50
\inpenc@posthook=\toks51

(/usr/share/texlive/texmf-dist/tex/latex/base/utf8.def
File: utf8.def 2008/04/05 v1.1m UTF-8 support for inputenc
Now handling font encoding OML ...
... no UTF-8 mapping file for font encoding OML
Now handling font encoding T1 ...
... processing UTF-8 mapping file for font encoding T1

(/usr/share/texlive/texmf-dist/tex/latex/base/t1enc.dfu
File: t1enc.dfu 2008/04/05 v1.1m UTF-8 support for inputenc
   defining Unicode char U+00A1 (decimal 161)
   defining Unicode char U+00A3 (decimal 163)
   defining Unicode char U+00AB (decimal 171)
   defining Unicode char U+00BB (decimal 187)
   defining Unicode char U+00BF (decimal 191)
   defining Unicode char U+00C0 (decimal 192)
   defining Unicode char U+00C1 (decimal 193)
   defining Unicode char U+00C2 (decimal 194)
   defining Unicode char U+00C3 (decimal 195)
   defining Unicode char U+00C4 (decimal 196)
   defining Unicode char U+00C5 (decimal 197)
   defining Unicode char U+00C6 (decimal 198)
   defining Unicode char U+00C7 (decimal 199)
   defining Unicode char U+00C8 (decimal 200)
   defining Unicode char U+00C9 (decimal 201)
   defining Unicode char U+00CA (decimal 202)
   defining Unicode char U+00CB (decimal 203)
   defining Unicode char U+00CC (decimal 204)
   defining Unicode char U+00CD (decimal 205)
   defining Unicode char U+00CE (decimal 206)
   defining Unicode char U+00CF (decimal 207)
   defining Unicode char U+00D0 (decimal 208)
   defining Unicode char U+00D1 (decimal 209)
   defining Unicode char U+00D2 (decimal 210)
   defining Unicode char U+00D3 (decimal 211)
   defining Unicode char U+00D4 (decimal 212)
   defining Unicode char U+00D5 (decimal 213)
   defining Unicode char U+00D6 (decimal 214)
   defining Unicode char U+00D8 (decimal 216)
   defining Unicode char U+00D9 (decimal 217)
   defining Unicode char U+00DA (decimal 218)
   defining Unicode char U+00DB (decimal 219)
   defining Unicode char U+00DC (decimal 220)
   defining Unicode char U+00DD (decimal 221)
   defining Unicode char U+00DE (decimal 222)
   defining Unicode char U+00DF (decimal 223)
   defining Unicode char U+00E0 (decimal 224)
   defining Unicode char U+00E1 (decimal 225)
   defining Unicode char U+00E2 (decimal 226)
   defining Unicode char U+00E3 (decimal 227)
   defining Unicode char U+00E4 (decimal 228)
   defining Unicode char U+00E5 (decimal 229)
   defining Unicode char U+00E6 (decimal 230)
   defining Unicode char U+00E7 (decimal 231)
   defining Unicode char U+00E8 (decimal 232)
   defining Unicode char U+00E9 (decimal 233)
   defining Unicode char U+00EA (decimal 234)
   defining Unicode char U+00EB (decimal 235)
   defining Unicode char U+00EC (decimal 236)
   defining Unicode char U+00ED (decimal 237)
   defining Unicode char U+00EE (decimal 238)
   defining Unicode char U+00EF (decimal 239)
   defining Unicode char U+00F0 (decimal 240)
   defining Unicode char U+00F1 (decimal 241)
   defining Unicode char U+00F2 (decimal 242)
   defining Unicode char U+00F3 (decimal 243)
   defining Unicode char U+00F4 (decimal 244)
   defining Unicode char U+00F5 (decimal 245)
   defining Unicode char U+00F6 (decimal 246)
   defining Unicode char U+00F8 (decimal 248)
   defining Unicode char U+00F9 (decimal 249)
   defining Unicode char U+00FA (decimal 250)
   defining Unicode char U+00FB (decimal 251)
   defining Unicode char U+00FC (decimal 252)
   defining Unicode char U+00FD (decimal 253)
   defining Unicode char U+00FE (decimal 254)
   defining Unicode char U+00FF (decimal 255)
   defining Unicode char U+0102 (decimal 258)
   defining Unicode char U+0103 (decimal 259)
   defining Unicode char U+0104 (decimal 260)
   defining Unicode char U+0105 (decimal 261)
   defining Unicode char U+0106 (decimal 262)
   defining Unicode char U+0107 (decimal 263)
   defining Unicode char U+010C (decimal 268)
   defining Unicode char U+010D (decimal 269)
   defining Unicode char U+010E (decimal 270)
   defining Unicode char U+010F (decimal 271)
   defining Unicode char U+0110 (decimal 272)
   defining Unicode char U+0111 (decimal 273)
   defining Unicode char U+0118 (decimal 280)
   defining Unicode char U+0119 (decimal 281)
   defining Unicode char U+011A (decimal 282)
   defining Unicode char U+011B (decimal 283)
   defining Unicode char U+011E (decimal 286)
   defining Unicode char U+011F (decimal 287)
   defining Unicode char U+0130 (decimal 304)
   defining Unicode char U+0131 (decimal 305)
   defining Unicode char U+0132 (decimal 306)
   defining Unicode char U+0133 (decimal 307)
   defining Unicode char U+0139 (decimal 313)
   defining Unicode char U+013A (decimal 314)
   defining Unicode char U+013D (decimal 317)
   defining Unicode char U+013E (decimal 318)
   defining Unicode char U+0141 (decimal 321)
   defining Unicode char U+0142 (decimal 322)
   defining Unicode char U+0143 (decimal 323)
   defining Unicode char U+0144 (decimal 324)
   defining Unicode char U+0147 (decimal 327)
   defining Unicode char U+0148 (decimal 328)
   defining Unicode char U+014A (decimal 330)
   defining Unicode char U+014B (decimal 331)
   defining Unicode char U+0150 (decimal 336)
   defining Unicode char U+0151 (decimal 337)
   defining Unicode char U+0152 (decimal 338)
   defining Unicode char U+0153 (decimal 339)
   defining Unicode char U+0154 (decimal 340)
   defining Unicode char U+0155 (decimal 341)
   defining Unicode char U+0158 (decimal 344)
   defining Unicode char U+0159 (decimal 345)
   defining Unicode char U+015A (decimal 346)
   defining Unicode char U+015B (decimal 347)
   defining Unicode char U+015E (decimal 350)
   defining Unicode char U+015F (decimal 351)
   defining Unicode char U+0160 (decimal 352)
   defining Unicode char U+0161 (decimal 353)
   defining Unicode char U+0162 (decimal 354)
   defining Unicode char U+0163 (decimal 355)
   defining Unicode char U+0164 (decimal 356)
   defining Unicode char U+0165 (decimal 357)
   defining Unicode char U+016E (decimal 366)
   defining Unicode char U+016F (decimal 367)
   defining Unicode char U+0170 (decimal 368)
   defining Unicode char U+0171 (decimal 369)
   defining Unicode char U+0178 (decimal 376)
   defining Unicode char U+0179 (decimal 377)
   defining Unicode char U+017A (decimal 378)
   defining Unicode char U+017B (decimal 379)
   defining Unicode char U+017C (decimal 380)
   defining Unicode char U+017D (decimal 381)
   defining Unicode char U+017E (decimal 382)
   defining Unicode char U+200C (decimal 8204)
   defining Unicode char U+2013 (decimal 8211)
   defining Unicode char U+2014 (decimal 8212)
   defining Unicode char U+2018 (decimal 8216)
   defining Unicode char U+2019 (decimal 8217)
   defining Unicode char U+201A (decimal 8218)
   defining Unicode char U+201C (decimal 8220)
   defining Unicode char U+201D (decimal 8221)
   defining Unicode char U+201E (decimal 8222)
   defining Unicode char U+2030 (decimal 8240)
   defining Unicode char U+2031 (decimal 8241)
   defining Unicode char U+2039 (decimal 8249)
   defining Unicode char U+203A (decimal 8250)
   defining Unicode char U+2423 (decimal 9251)
)
Now handling font encoding OT1 ...
... processing UTF-8 mapping file for font encoding OT1

(/usr/share/texlive/texmf-dist/tex/latex/base/ot1enc.dfu
File: ot1enc.dfu 2008/04/05 v1.1m UTF-8 support for inputenc
   defining Unicode char U+00A1 (decimal 161)
   defining Unicode char U+00A3 (decimal 163)
   defining Unicode char U+00B8 (decimal 184)
   defining Unicode char U+00BF (decimal 191)
   defining Unicode char U+00C5 (decimal 197)
   defining Unicode char U+00C6 (decimal 198)
   defining Unicode char U+00D8 (decimal 216)
   defining Unicode char U+00DF (decimal 223)
   defining Unicode char U+00E6 (decimal 230)
   defining Unicode char U+00EC (decimal 236)
   defining Unicode char U+00ED (decimal 237)
   defining Unicode char U+00EE (decimal 238)
   defining Unicode char U+00EF (decimal 239)
   defining Unicode char U+00F8 (decimal 248)
   defining Unicode char U+0131 (decimal 305)
   defining Unicode char U+0141 (decimal 321)
   defining Unicode char U+0142 (decimal 322)
   defining Unicode char U+0152 (decimal 338)
   defining Unicode char U+0153 (decimal 339)
   defining Unicode char U+2013 (decimal 8211)
   defining Unicode char U+2014 (decimal 8212)
   defining Unicode char U+2018 (decimal 8216)
   defining Unicode char U+2019 (decimal 8217)
   defining Unicode char U+201C (decimal 8220)
   defining Unicode char U+201D (decimal 8221)
)
Now handling font encoding OMS ...
... processing UTF-8 mapping file for font encoding OMS

(/usr/share/texlive/texmf-dist/tex/latex/base/omsenc.dfu
File: omsenc.dfu 2008/04/05 v1.1m UTF-8 support for inputenc
   defining Unicode char U+00A7 (decimal 167)
   defining Unicode char U+00B6 (decimal 182)
   defining Unicode char U+00B7 (decimal 183)
   defining Unicode char U+2020 (decimal 8224)
   defining Unicode char U+2021 (decimal 8225)
   defining Unicode char U+2022 (decimal 8226)
)
Now handling font encoding OMX ...
... no UTF-8 mapping file for font encoding OMX
Now handling font encoding U ...
... no UTF-8 mapping file for font encoding U
   defining Unicode char U+00A9 (decimal 169)
   defining Unicode char U+00AA (decimal 170)
   defining Unicode char U+00AE (decimal 174)
   defining Unicode char U+00BA (decimal 186)
   defining Unicode char U+02C6 (decimal 710)
   defining Unicode char U+02DC (decimal 732)
   defining Unicode char U+200C (decimal 8204)
   defining Unicode char U+2026 (decimal 8230)
   defining Unicode char U+2122 (decimal 8482)
   defining Unicode char U+2423 (decimal 9251)
))
(./chipexo_QC_vs2.aux)
\openout1 = `chipexo_QC_vs2.aux'.

LaTeX Font Info:    Checking defaults for OML/cmm/m/it on input line 41.
LaTeX Font Info:    ... okay on input line 41.
LaTeX Font Info:    Checking defaults for T1/cmr/m/n on input line 41.
LaTeX Font Info:    ... okay on input line 41.
LaTeX Font Info:    Checking defaults for OT1/cmr/m/n on input line 41.
LaTeX Font Info:    ... okay on input line 41.
LaTeX Font Info:    Checking defaults for OMS/cmsy/m/n on input line 41.
LaTeX Font Info:    ... okay on input line 41.
LaTeX Font Info:    Checking defaults for OMX/cmex/m/n on input line 41.
LaTeX Font Info:    ... okay on input line 41.
LaTeX Font Info:    Checking defaults for U/cmr/m/n on input line 41.
LaTeX Font Info:    ... okay on input line 41.

(/usr/share/texlive/texmf-dist/tex/context/base/supp-pdf.mkii
[Loading MPS to PDF converter (version 2006.09.02).]
\scratchcounter=\count139
\scratchdimen=\dimen185
\scratchbox=\box70
\nofMPsegments=\count140
\nofMParguments=\count141
\everyMPshowfont=\toks52
\MPscratchCnt=\count142
\MPscratchDim=\dimen186
\MPnumerator=\count143
\makeMPintoPDFobject=\count144
\everyMPtoPDFconversion=\toks53
)
Package lastpage Info: Please have a look at the pageslts package at
(lastpage)             http://www.ctan.org/tex-archive/ 
(lastpage)             macros/latex/contrib/pageslts/ 
(lastpage)             or
(lastpage)             http://www.ctan.org/tex-archive/ 
(lastpage)             install/macros/latex/contrib/pageslts.tds.zip
(lastpage)             ! on input line 41.
 (/usr/share/texlive/texmf-dist/tex/generic/oberdiek/pdftexcmds.sty
Package: pdftexcmds 2011/11/29 v0.20 Utility functions of pdfTeX for LuaTeX (HO
)

(/usr/share/texlive/texmf-dist/tex/generic/oberdiek/ifluatex.sty
Package: ifluatex 2010/03/01 v1.3 Provides the ifluatex switch (HO)
Package ifluatex Info: LuaTeX not detected.
)
(/usr/share/texlive/texmf-dist/tex/generic/oberdiek/ifpdf.sty
Package: ifpdf 2011/01/30 v2.3 Provides the ifpdf switch (HO)
Package ifpdf Info: pdfTeX in PDF mode is detected.
)
Package pdftexcmds Info: LuaTeX not detected.
Package pdftexcmds Info: \pdf@primitive is available.
Package pdftexcmds Info: \pdf@ifprimitive is available.
Package pdftexcmds Info: \pdfdraftmode found.
)
(/usr/share/texlive/texmf-dist/tex/latex/oberdiek/epstopdf-base.sty
Package: epstopdf-base 2010/02/09 v2.5 Base part for package epstopdf

(/usr/share/texlive/texmf-dist/tex/latex/oberdiek/grfext.sty
Package: grfext 2010/08/19 v1.1 Manage graphics extensions (HO)

(/usr/share/texlive/texmf-dist/tex/generic/oberdiek/kvdefinekeys.sty
Package: kvdefinekeys 2011/04/07 v1.3 Define keys (HO)
))
(/usr/share/texlive/texmf-dist/tex/latex/oberdiek/kvoptions.sty
Package: kvoptions 2011/06/30 v3.11 Key value format for package options (HO)

(/usr/share/texlive/texmf-dist/tex/generic/oberdiek/kvsetkeys.sty
Package: kvsetkeys 2012/04/25 v1.16 Key value parser (HO)

(/usr/share/texlive/texmf-dist/tex/generic/oberdiek/etexcmds.sty
Package: etexcmds 2011/02/16 v1.5 Avoid name clashes with e-TeX commands (HO)
Package etexcmds Info: Could not find \expanded.
(etexcmds)             That can mean that you are not using pdfTeX 1.50 or
(etexcmds)             that some package has redefined \expanded.
(etexcmds)             In the latter case, load this package earlier.
)))
Package grfext Info: Graphics extension search list:
(grfext)             [.png,.pdf,.jpg,.mps,.jpeg,.jbig2,.jb2,.PNG,.PDF,.JPG,.JPE
G,.JBIG2,.JB2,.eps]
(grfext)             \AppendGraphicsExtensions on input line 452.

(/usr/share/texlive/texmf-dist/tex/latex/latexconfig/epstopdf-sys.cfg
File: epstopdf-sys.cfg 2010/07/13 v1.3 Configuration of (r)epstopdf for TeX Liv
e
))
ABD: EveryShipout initializing macros
LaTeX Info: Redefining \celsius on input line 41.
Package gensymb Info: Faking symbols for \degree and \celsius on input line 41.



Package gensymb Warning: Not defining \perthousand.

LaTeX Info: Redefining \ohm on input line 41.
Package gensymb Info: Using \Omega for \ohm on input line 41.

Package gensymb Warning: Not defining \micro.

\c@lstlisting=\count145

LaTeX Font Warning: Font shape `OT1/cmss/bx/n' in size <13> not available
(Font)              size <12> substituted on input line 46.


LaTeX Font Warning: Font shape `OT1/cmss/m/n' in size <24> not available
(Font)              size <24.88> substituted on input line 49.

LaTeX Font Info:    Calculating math sizes for size <11> on input line 55.

LaTeX Font Warning: Font shape `OT1/cmr/m/n' in size <5.5> not available
(Font)              size <5> substituted on input line 55.


LaTeX Font Warning: Font shape `OML/cmm/m/it' in size <5.5> not available
(Font)              size <5> substituted on input line 55.


LaTeX Font Warning: Font shape `OMS/cmsy/m/n' in size <5.5> not available
(Font)              size <5> substituted on input line 55.

LaTeX Font Info:    Try loading font information for U+msa on input line 55.
(/usr/share/texlive/texmf-dist/tex/latex/amsfonts/umsa.fd
File: umsa.fd 2013/01/14 v3.01 AMS symbols A
)
LaTeX Font Info:    Try loading font information for U+msb on input line 55.

(/usr/share/texlive/texmf-dist/tex/latex/amsfonts/umsb.fd
File: umsb.fd 2013/01/14 v3.01 AMS symbols B
)
LaTeX Font Info:    Try loading font information for OMS+cmss on input line 55.

LaTeX Font Info:    No file OMScmss.fd. on input line 55.


LaTeX Font Warning: Font shape `OMS/cmss/m/n' undefined
(Font)              using `OMS/cmsy/m/n' instead
(Font)              for symbol `textdagger' on input line 55.

\address@aff1=\toks54
\address@aff2=\toks55
\address@aff3=\toks56
\address@aff4=\toks57
\address@aff5=\toks58
\address@aff6=\toks59

LaTeX Font Warning: Font shape `OT1/cmss/m/it' in size <10> not available
(Font)              Font shape `OT1/cmss/m/sl' tried instead on input line 127.



LaTeX Font Warning: Font shape `OT1/cmss/m/it' in size <8> not available
(Font)              Font shape `OT1/cmss/m/sl' tried instead on input line 160.



Overfull \hbox (1.0pt too wide) has occurred while \output is active
 [] 
 []

[1{/var/lib/texmf/fonts/map/pdftex/updmap/pdftex.map}

] [2] [3]
Overfull \hbox (2.36604pt too wide) in paragraph at lines 269--269
[]\OT1/cmss/bx/n/8 Protocol| 
 []


Underfull \hbox (badness 10000) in paragraph at lines 269--269
[]\OT1/cmss/bx/n/8 Cell
 []


Overfull \hbox (11.94461pt too wide) in paragraph at lines 269--269
[]|\OT1/cmss/m/n/8 ChIP- 
 []


Overfull \hbox (3.44449pt too wide) in paragraph at lines 269--269
\OT1/cmss/m/n/8 exo|  
 []


Overfull \hbox (1.40576pt too wide) in paragraph at lines 269--269
[]\OT1/cmss/m/n/8 1.1960| 
 []


Overfull \hbox (1.40576pt too wide) in paragraph at lines 269--269
[]\OT1/cmss/m/n/8 0.4579| 
 []


Overfull \hbox (17.11133pt too wide) in paragraph at lines 269--269
[]|\OT1/cmss/m/n/8 Human|  
 []


Overfull \hbox (2.09726pt too wide) in paragraph at lines 269--269
[]|\OT1/cmss/m/n/8 ER|  
 []


Overfull \hbox (1.40576pt too wide) in paragraph at lines 269--269
[]\OT1/cmss/m/n/8 1.0127| 
 []


Overfull \hbox (1.40576pt too wide) in paragraph at lines 269--269
[]\OT1/cmss/m/n/8 0.8082| 
 []


Overfull \hbox (1.40576pt too wide) in paragraph at lines 269--269
[]\OT1/cmss/m/n/8 1.0063| 
 []


Overfull \hbox (1.40576pt too wide) in paragraph at lines 269--269
[]\OT1/cmss/m/n/8 0.8024| 
 []


Overfull \hbox (1.40576pt too wide) in paragraph at lines 269--269
[]\OT1/cmss/m/n/8 1.0100| 
 []


Overfull \hbox (1.40576pt too wide) in paragraph at lines 269--269
[]\OT1/cmss/m/n/8 0.8203| 
 []


Overfull \hbox (14.59186pt too wide) in paragraph at lines 269--269
[]|\OT1/cmss/m/n/8 Mouse|  
 []


Overfull \hbox (13.97243pt too wide) in paragraph at lines 269--269
[]|\OT1/cmss/m/n/8 FoxA1|  
 []


Overfull \hbox (8.75012pt too wide) in paragraph at lines 269--269
[]|\OT1/cmss/m/n/8 Liver|  
 []


Overfull \hbox (1.40576pt too wide) in paragraph at lines 269--269
[]\OT1/cmss/m/n/8 1.1104| 
 []


Overfull \hbox (1.40576pt too wide) in paragraph at lines 269--269
[]\OT1/cmss/m/n/8 0.6562| 
 []


Overfull \hbox (1.40576pt too wide) in paragraph at lines 269--269
[]\OT1/cmss/m/n/8 1.1604| 
 []


Overfull \hbox (1.40576pt too wide) in paragraph at lines 269--269
[]\OT1/cmss/m/n/8 0.7996| 
 []


Overfull \hbox (1.40576pt too wide) in paragraph at lines 269--269
[]\OT1/cmss/m/n/8 1.1975| 
 []


Overfull \hbox (1.40576pt too wide) in paragraph at lines 269--269
[]\OT1/cmss/m/n/8 0.1068| 
 []


Overfull \hbox (17.11133pt too wide) in paragraph at lines 269--269
[]|\OT1/cmss/m/n/8 Human|  
 []


Overfull \hbox (2.6667pt too wide) in paragraph at lines 269--269
[]|\OT1/cmss/m/n/8 GR|  
 []


Overfull \hbox (1.40576pt too wide) in paragraph at lines 269--269
[]\OT1/cmss/m/n/8 1.3678| 
 []


Overfull \hbox (1.40576pt too wide) in paragraph at lines 269--269
[]\OT1/cmss/m/n/8 0.2978| 
 []


Overfull \hbox (3.00253pt too wide) in paragraph at lines 269--269
[]\OT1/cmss/m/n/8 116,518,000| 
 []


Overfull \hbox (1.40576pt too wide) in paragraph at lines 269--269
[]\OT1/cmss/m/n/8 1.0441| 
 []


Overfull \hbox (1.40576pt too wide) in paragraph at lines 269--269
[]\OT1/cmss/m/n/8 0.0504| 
 []


Overfull \hbox (1.40576pt too wide) in paragraph at lines 269--269
[]\OT1/cmss/m/n/8 1.0288| 
 []


Overfull \hbox (1.40576pt too wide) in paragraph at lines 269--269
[]\OT1/cmss/m/n/8 0.7714| 
 []


Overfull \hbox (17.11133pt too wide) in paragraph at lines 269--269
[]|\OT1/cmss/m/n/8 Human|  
 []


Overfull \hbox (8.40291pt too wide) in paragraph at lines 269--269
[]|\OT1/cmss/m/n/8 TBP|  
 []


Overfull \hbox (10.15292pt too wide) in paragraph at lines 269--269
[]|\OT1/cmss/m/n/8 K562|  
 []


Overfull \hbox (1.40576pt too wide) in paragraph at lines 269--269
[]\OT1/cmss/m/n/8 1.1119| 
 []


Overfull \hbox (1.40576pt too wide) in paragraph at lines 269--269
[]\OT1/cmss/m/n/8 0.1232| 
 []


Overfull \hbox (1.40576pt too wide) in paragraph at lines 269--269
[]\OT1/cmss/m/n/8 1.0299| 
 []


Overfull \hbox (1.40576pt too wide) in paragraph at lines 269--269
[]\OT1/cmss/m/n/8 0.1681| 
 []


Overfull \hbox (3.00253pt too wide) in paragraph at lines 269--269
[]\OT1/cmss/m/n/8 114,282,270| 
 []


Overfull \hbox (1.40576pt too wide) in paragraph at lines 269--269
[]\OT1/cmss/m/n/8 1.1027| 
 []


Overfull \hbox (1.40576pt too wide) in paragraph at lines 269--269
[]\OT1/cmss/m/n/8 0.1464| 
 []


Overfull \hbox (11.94461pt too wide) in paragraph at lines 269--269
[]|\OT1/cmss/m/n/8 ChIP- 
 []


Overfull \hbox (11.2307pt too wide) in paragraph at lines 269--269
\OT1/cmss/m/n/8 nexus|  
 []


Overfull \hbox (47.28676pt too wide) in paragraph at lines 269--269
[]|\OT1/cmss/m/n/8 D.Melanogaster|  
 []


Overfull \hbox (13.92519pt too wide) in paragraph at lines 269--269
[]|\OT1/cmss/m/n/8 Dorsal|  
 []


Overfull \hbox (17.01411pt too wide) in paragraph at lines 269--269
[]|\OT1/cmss/m/n/8 embryo|  
 []


Overfull \hbox (1.40576pt too wide) in paragraph at lines 269--269
[]\OT1/cmss/m/n/8 1.0402| 
 []


Overfull \hbox (1.40576pt too wide) in paragraph at lines 269--269
[]\OT1/cmss/m/n/8 0.6766| 
 []


Overfull \hbox (1.40576pt too wide) in paragraph at lines 269--269
[]\OT1/cmss/m/n/8 1.0672| 
 []


Overfull \hbox (1.40576pt too wide) in paragraph at lines 269--269
[]\OT1/cmss/m/n/8 0.5656| 
 []


Overfull \hbox (11.46683pt too wide) in paragraph at lines 269--269
[]|\OT1/cmss/m/n/8 Twist|  
 []


Overfull \hbox (1.40576pt too wide) in paragraph at lines 269--269
[]\OT1/cmss/m/n/8 1.1637| 
 []


Overfull \hbox (1.40576pt too wide) in paragraph at lines 269--269
[]\OT1/cmss/m/n/8 0.6592| 
 []


Overfull \hbox (1.40576pt too wide) in paragraph at lines 269--269
[]\OT1/cmss/m/n/8 1.1805| 
 []


Overfull \hbox (1.40576pt too wide) in paragraph at lines 269--269
[]\OT1/cmss/m/n/8 0.4549| 
 []


Overfull \hbox (6.91675pt too wide) in paragraph at lines 269--269
[]|\OT1/cmss/m/n/8 Max|  
 []


Overfull \hbox (1.40576pt too wide) in paragraph at lines 269--269
[]\OT1/cmss/m/n/8 1.3628| 
 []


Overfull \hbox (1.40576pt too wide) in paragraph at lines 269--269
[]\OT1/cmss/m/n/8 0.5178| 
 []


Overfull \hbox (1.40576pt too wide) in paragraph at lines 269--269
[]\OT1/cmss/m/n/8 1.0138| 
 []


Overfull \hbox (1.40576pt too wide) in paragraph at lines 269--269
[]\OT1/cmss/m/n/8 0.2124| 
 []


Overfull \hbox (8.26399pt too wide) in paragraph at lines 269--269
[]|\OT1/cmss/m/n/8 MyC|  
 []


Overfull \hbox (1.40576pt too wide) in paragraph at lines 269--269
[]\OT1/cmss/m/n/8 1.0115| 
 []


Overfull \hbox (1.40576pt too wide) in paragraph at lines 269--269
[]\OT1/cmss/m/n/8 0.3935| 
 []


Overfull \hbox (1.40576pt too wide) in paragraph at lines 269--269
[]\OT1/cmss/m/n/8 1.0045| 
 []


Overfull \hbox (1.40576pt too wide) in paragraph at lines 269--269
[]\OT1/cmss/m/n/8 0.1879| 
 []


Overfull \hbox (17.11133pt too wide) in paragraph at lines 269--269
[]|\OT1/cmss/m/n/8 Human|  
 []


Overfull \hbox (8.40291pt too wide) in paragraph at lines 269--269
[]|\OT1/cmss/m/n/8 TBP|  
 []


Overfull \hbox (10.15292pt too wide) in paragraph at lines 269--269
[]|\OT1/cmss/m/n/8 K562|  
 []


Overfull \hbox (1.40576pt too wide) in paragraph at lines 269--269
[]\OT1/cmss/m/n/8 1.1712| 
 []


Overfull \hbox (1.40576pt too wide) in paragraph at lines 269--269
[]\OT1/cmss/m/n/8 0.3102| 
 []


Overfull \hbox (3.00253pt too wide) in paragraph at lines 269--269
[]\OT1/cmss/m/n/8 129,675,001| 
 []


Overfull \hbox (1.40576pt too wide) in paragraph at lines 269--269
[]\OT1/cmss/m/n/8 1.2455| 
 []


Overfull \hbox (1.40576pt too wide) in paragraph at lines 269--269
[]\OT1/cmss/m/n/8 0.0492| 
 []

LaTeX Font Info:    Font shape `OT1/cmtt/bx/n' in size <8> not available
(Font)              Font shape `OT1/cmtt/m/n' tried instead on input line 270.

LaTeX Warning: `!h' float specifier changed to `!ht'.


Overfull \hbox (3.78711pt too wide) in paragraph at lines 320--320
 []\OT1/cmss/bx/n/8 Rep.| 
 []


Overfull \hbox (1.03918pt too wide) in paragraph at lines 320--320
[]\OT1/cmss/bx/n/8 PBC| 
 []


Overfull \hbox (4.32483pt too wide) in paragraph at lines 320--320
[]\OT1/cmss/m/n/8 103.15| 
 []


Overfull \hbox (4.32483pt too wide) in paragraph at lines 320--320
[]\OT1/cmss/m/n/8 2.0193| 
 []


Overfull \hbox (7.53943pt too wide) in paragraph at lines 320--320
[]\OT1/cmss/m/n/8 0.1399| 
 []


Overfull \hbox (4.32483pt too wide) in paragraph at lines 320--320
[]\OT1/cmss/m/n/8 162.70| 
 []


Overfull \hbox (4.32483pt too wide) in paragraph at lines 320--320
[]\OT1/cmss/m/n/8 1.7805| 
 []


Overfull \hbox (7.53943pt too wide) in paragraph at lines 320--320
[]\OT1/cmss/m/n/8 0.1633| 
 []


Overfull \hbox (4.32483pt too wide) in paragraph at lines 320--320
[]\OT1/cmss/m/n/8 153.51| 
 []


Overfull \hbox (4.32483pt too wide) in paragraph at lines 320--320
[]\OT1/cmss/m/n/8 1.8035| 
 []


Overfull \hbox (7.53943pt too wide) in paragraph at lines 320--320
[]\OT1/cmss/m/n/8 0.1353| 
 []


Overfull \hbox (4.32483pt too wide) in paragraph at lines 320--320
[]\OT1/cmss/m/n/8 172.59| 
 []


Overfull \hbox (7.53943pt too wide) in paragraph at lines 320--320
[]\OT1/cmss/m/n/8 0.1532| 
 []


Overfull \hbox (4.32483pt too wide) in paragraph at lines 320--320
[]\OT1/cmss/m/n/8 3.9582| 
 []


Overfull \hbox (7.53943pt too wide) in paragraph at lines 320--320
[]\OT1/cmss/m/n/8 0.3869| 
 []


Overfull \hbox (4.32483pt too wide) in paragraph at lines 320--320
[]\OT1/cmss/m/n/8 3.3045| 
 []


Overfull \hbox (7.53943pt too wide) in paragraph at lines 320--320
[]\OT1/cmss/m/n/8 0.3134| 
 []


Overfull \hbox (4.32483pt too wide) in paragraph at lines 320--320
[]\OT1/cmss/m/n/8 2.3863| 
 []


Overfull \hbox (7.53943pt too wide) in paragraph at lines 320--320
[]\OT1/cmss/m/n/8 0.5629| 
 []


Overfull \hbox (4.32483pt too wide) in paragraph at lines 320--320
[]\OT1/cmss/m/n/8 2.1362| 
 []


Overfull \hbox (7.53943pt too wide) in paragraph at lines 320--320
[]\OT1/cmss/m/n/8 0.5452| 
 []


Overfull \hbox (4.32483pt too wide) in paragraph at lines 320--320
[]\OT1/cmss/m/n/8 1.1270| 
 []


Overfull \hbox (7.53943pt too wide) in paragraph at lines 320--320
[]\OT1/cmss/m/n/8 0.2689| 
 []


Overfull \hbox (4.32483pt too wide) in paragraph at lines 320--320
[]\OT1/cmss/m/n/8 1.5275| 
 []


Overfull \hbox (7.53943pt too wide) in paragraph at lines 320--320
[]\OT1/cmss/m/n/8 0.2590| 
 []


Overfull \hbox (4.32483pt too wide) in paragraph at lines 320--320
[]\OT1/cmss/m/n/8 1.2844| 
 []


Overfull \hbox (7.53943pt too wide) in paragraph at lines 320--320
[]\OT1/cmss/m/n/8 0.2584| 
 []


Overfull \hbox (4.32483pt too wide) in paragraph at lines 320--320
[]\OT1/cmss/m/n/8 1.5122| 
 []


Overfull \hbox (7.53943pt too wide) in paragraph at lines 320--320
[]\OT1/cmss/m/n/8 0.1510| 
 []


Overfull \hbox (4.32483pt too wide) in paragraph at lines 320--320
[]\OT1/cmss/m/n/8 1.0541| 
 []


Overfull \hbox (7.53943pt too wide) in paragraph at lines 320--320
[]\OT1/cmss/m/n/8 0.9426| 
 []


Overfull \hbox (4.32483pt too wide) in paragraph at lines 320--320
[]\OT1/cmss/m/n/8 1.0157| 
 []


Overfull \hbox (7.53943pt too wide) in paragraph at lines 320--320
[]\OT1/cmss/m/n/8 0.9378| 
 []


Overfull \hbox (4.32483pt too wide) in paragraph at lines 320--320
[]\OT1/cmss/m/n/8 1.0145| 
 []


Overfull \hbox (7.53943pt too wide) in paragraph at lines 320--320
[]\OT1/cmss/m/n/8 0.8891| 
 []


Overfull \hbox (4.32483pt too wide) in paragraph at lines 320--320
[]\OT1/cmss/m/n/8 1.0048| 
 []


Overfull \hbox (7.53943pt too wide) in paragraph at lines 320--320
[]\OT1/cmss/m/n/8 0.9407| 
 []


Overfull \hbox (4.32483pt too wide) in paragraph at lines 320--320
[]\OT1/cmss/m/n/8 2.8461| 
 []


Overfull \hbox (7.53943pt too wide) in paragraph at lines 320--320
[]\OT1/cmss/m/n/8 0.6632| 
 []


Overfull \hbox (4.32483pt too wide) in paragraph at lines 320--320
[]\OT1/cmss/m/n/8 2.5168| 
 []


Overfull \hbox (7.53943pt too wide) in paragraph at lines 320--320
[]\OT1/cmss/m/n/8 0.5594| 
 []


Overfull \hbox (4.32483pt too wide) in paragraph at lines 320--320
[]\OT1/cmss/m/n/8 3.1291| 
 []


Overfull \hbox (7.53943pt too wide) in paragraph at lines 320--320
[]\OT1/cmss/m/n/8 0.6472| 
 []


Overfull \hbox (4.32483pt too wide) in paragraph at lines 320--320
[]\OT1/cmss/m/n/8 2.6908| 
 []


Overfull \hbox (7.53943pt too wide) in paragraph at lines 320--320
[]\OT1/cmss/m/n/8 0.5895| 
 []


LaTeX Font Warning: Font shape `OT1/cmss/bx/it' undefined
(Font)              using `OT1/cmss/bx/n' instead on input line 325.


LaTeX Warning: `!h' float specifier changed to `!ht'.

[4] [5] [6] [7] [8] [9] [10] [11] [12] [13] [14]
LaTeX Font Info:    Try loading font information for OMS+cmr on input line 1064
.

(/usr/share/texlive/texmf-dist/tex/latex/base/omscmr.fd
File: omscmr.fd 1999/05/25 v2.5h Standard LaTeX font definitions
)
LaTeX Font Info:    Font shape `OMS/cmr/m/n' in size <10> not available
(Font)              Font shape `OMS/cmsy/m/n' tried instead on input line 1064.

 [15]
Underfull \hbox (badness 1237) in paragraph at lines 1206--1222
\OT1/cmr/m/n/10 We com-pared dPeak [[]] ($\OT1/cmtt/m/n/10 https : / / github .
 com / dongjunchung / dpeak$\OT1/cmr/m/n/10 , ver-sion
 []


Overfull \hbox (16.52573pt too wide) in paragraph at lines 1206--1222
\OT1/cmr/m/n/10 [[]] ($\OT1/cmtt/m/n/10 http : / / dldcc-[]web . brc . bcm . ed
u / lilab / MACE / docs / html/$\OT1/cmr/m/n/10 , ver-sion 1.2), peakzilla
 []

[16] (./chipexo_QC_vs2.bbl [17]) [18]
<figures/fig1/fig1.pdf, id=87, 472.17934pt x 522.70262pt>
File: figures/fig1/fig1.pdf Graphic file (type pdf)

<use figures/fig1/fig1.pdf>
Package pdftex.def Info: figures/fig1/fig1.pdf used on input line 1351.
(pdftex.def)             Requested size: 342.9489pt x 379.65555pt.
 [19 <./figures/fig1/fig1.pdf>]
<figures/fig2/fig2.pdf, id=141, 454.29285pt x 546.41113pt>
File: figures/fig2/fig2.pdf Graphic file (type pdf)

<use figures/fig2/fig2.pdf>
Package pdftex.def Info: figures/fig2/fig2.pdf used on input line 1393.
(pdftex.def)             Requested size: 342.9489pt x 412.49202pt.
 [20 <./figures/fig2/fig2.pdf>]
<figures/fig3/fig3.pdf, id=234, 597.67706pt x 398.66522pt>
File: figures/fig3/fig3.pdf Graphic file (type pdf)

<use figures/fig3/fig3.pdf>
Package pdftex.def Info: figures/fig3/fig3.pdf used on input line 1435.
(pdftex.def)             Requested size: 342.9489pt x 228.76231pt.
 [21 <./figures/fig3/fig3.pdf>]
<figures/fig4/FoxA1_barplots.pdf, id=270, page=3, 505.89pt x 505.89pt>
File: figures/fig4/FoxA1_barplots.pdf Graphic file (type pdf)

<use figures/fig4/FoxA1_barplots.pdf, page 3>
Package pdftex.def Info: figures/fig4/FoxA1_barplots.pdf, page3 used on input l
ine 1462.
(pdftex.def)             Requested size: 83.02846pt x 83.02824pt.

<figures/fig4/FoxA1_profiles_around_motif.pdf, id=271, 578.16pt x 361.35pt>
File: figures/fig4/FoxA1_profiles_around_motif.pdf Graphic file (type pdf)

<use figures/fig4/FoxA1_profiles_around_motif.pdf>
Package pdftex.def Info: figures/fig4/FoxA1_profiles_around_motif.pdf used on i
nput line 1463.
(pdftex.def)             Requested size: 144.3978pt x 90.24355pt.

<figures/fig4/FoxA1_fimo_score.pdf, id=272, page=1, 867.24pt x 361.35pt>
File: figures/fig4/FoxA1_fimo_score.pdf Graphic file (type pdf)

<use figures/fig4/FoxA1_fimo_score.pdf, page 1>
Package pdftex.def Info: figures/fig4/FoxA1_fimo_score.pdf, page1 used on input
 line 1467.
(pdftex.def)             Requested size: 288.8011pt x 120.33208pt.

<figures/fig4/TBP_scores_comparison.pdf, id=273, 578.16pt x 289.08pt>
File: figures/fig4/TBP_scores_comparison.pdf Graphic file (type pdf)

<use figures/fig4/TBP_scores_comparison.pdf>
Package pdftex.def Info: figures/fig4/TBP_scores_comparison.pdf used on input l
ine 1468.
(pdftex.def)             Requested size: 180.5pt x 90.24905pt.
 [22 <./figures/fig4/FoxA1_barplots.pdf> <./figures/fig4/FoxA1_profiles_around_
motif.pdf> <./figures/fig4/FoxA1_fimo_score.pdf> <./figures/fig4/TBP_scores_com
parison.pdf>]
<figures/fig5/QC_pipeline_eval_boxplot.pdf, id=298, page=1, 867.24pt x 433.62pt
>
File: figures/fig5/QC_pipeline_eval_boxplot.pdf Graphic file (type pdf)
 <use figures/fig5/QC_pipeline_eval_boxplot.pdf, page 1>
Package pdftex.def Info: figures/fig5/QC_pipeline_eval_boxplot.pdf, page1 used 
on input line 1500.
(pdftex.def)             Requested size: 324.8978pt x 162.4483pt.

<figures/fig5/QC_pipeline_eval_boxplot.pdf, id=299, page=2, 867.24pt x 433.62pt
>
File: figures/fig5/QC_pipeline_eval_boxplot.pdf Graphic file (type pdf)
 <use figures/fig5/QC_pipeline_eval_boxplot.pdf, page 2>
Package pdftex.def Info: figures/fig5/QC_pipeline_eval_boxplot.pdf, page2 used 
on input line 1502.
(pdftex.def)             Requested size: 324.8978pt x 162.4483pt.

<figures/fig5/TBP_param_depth_trend.pdf, id=300, page=1, 578.16pt x 289.08pt>
File: figures/fig5/TBP_param_depth_trend.pdf Graphic file (type pdf)

<use figures/fig5/TBP_param_depth_trend.pdf, page 1>
Package pdftex.def Info: figures/fig5/TBP_param_depth_trend.pdf, page1 used on 
input line 1504.
(pdftex.def)             Requested size: 162.4489pt x 81.22414pt.
 [23 <./figures/fig5/QC_pipeline_eval_boxplot.pdf> <./figures/fig5/QC_pipeline_
eval_boxplot.pdf> <./figures/fig5/TBP_param_depth_trend.pdf>]
<figures/fig6/methods_comp_FDR5_topM400.pdf, id=315, page=1, 289.08pt x 289.08p
t>
File: figures/fig6/methods_comp_FDR5_topM400.pdf Graphic file (type pdf)
 <use figures/fig6/methods_comp_FDR5_topM400.pdf, page 1>
Package pdftex.def Info: figures/fig6/methods_comp_FDR5_topM400.pdf, page1 used
 on input line 1531.
(pdftex.def)             Requested size: 162.4489pt x 162.44829pt.

<figures/fig6/methods_comp_FDR5_topM400.pdf, id=316, page=2, 289.08pt x 289.08p
t>
File: figures/fig6/methods_comp_FDR5_topM400.pdf Graphic file (type pdf)
 <use figures/fig6/methods_comp_FDR5_topM400.pdf, page 2>
Package pdftex.def Info: figures/fig6/methods_comp_FDR5_topM400.pdf, page2 used
 on input line 1532.
(pdftex.def)             Requested size: 162.4489pt x 162.44829pt.

<figures/fig6/sigma_delta_old_densities.pdf, id=317, page=1, 289.08pt x 289.08p
t>
File: figures/fig6/sigma_delta_old_densities.pdf Graphic file (type pdf)
 <use figures/fig6/sigma_delta_old_densities.pdf, page 1>
Package pdftex.def Info: figures/fig6/sigma_delta_old_densities.pdf, page1 used
 on input line 1533.
(pdftex.def)             Requested size: 162.4489pt x 162.44829pt.

<figures/fig6/sigma_delta_old_densities.pdf, id=318, page=2, 289.08pt x 289.08p
t>
File: figures/fig6/sigma_delta_old_densities.pdf Graphic file (type pdf)
 <use figures/fig6/sigma_delta_old_densities.pdf, page 2>
Package pdftex.def Info: figures/fig6/sigma_delta_old_densities.pdf, page2 used
 on input line 1534.
(pdftex.def)             Requested size: 162.4489pt x 162.44829pt.
 [24 <./figures/fig6/methods_comp_FDR5_topM400.pdf> <./figures/fig6/methods_com
p_FDR5_topM400.pdf> <./figures/fig6/sigma_delta_old_densities.pdf> <./figures/f
ig6/sigma_delta_old_densities.pdf>]
<figures/fig7/saturation_analysis_old.pdf, id=332, 505.89pt x 505.89pt>
File: figures/fig7/saturation_analysis_old.pdf Graphic file (type pdf)

<use figures/fig7/saturation_analysis_old.pdf>
Package pdftex.def Info: figures/fig7/saturation_analysis_old.pdf used on input
 line 1572.
(pdftex.def)             Requested size: 324.8978pt x 324.90321pt.

<figures/fig8/sensitivity_exo_olda_data.pdf, id=333, 252.945pt x 252.945pt>
File: figures/fig8/sensitivity_exo_olda_data.pdf Graphic file (type pdf)

<use figures/fig8/sensitivity_exo_olda_data.pdf>
Package pdftex.def Info: figures/fig8/sensitivity_exo_olda_data.pdf used on inp
ut line 1586.
(pdftex.def)             Requested size: 166.06242pt x 166.06421pt.

<figures/fig8/resolution_by_dataset_old_data.pdf, id=334, 252.945pt x 252.945pt
>
File: figures/fig8/resolution_by_dataset_old_data.pdf Graphic file (type pdf)
 <use figures/fig8/resolution_by_dataset_old_data.pdf>
Package pdftex.def Info: figures/fig8/resolution_by_dataset_old_data.pdf used o
n input line 1587.
(pdftex.def)             Requested size: 166.06242pt x 166.06421pt.


AED: lastpage setting LastPage
[25 <./figures/fig7/saturation_analysis_old.pdf> <./figures/fig8/sensitivity_ex
o_olda_data.pdf> <./figures/fig8/resolution_by_dataset_old_data.pdf>]
(./chipexo_QC_vs2.aux)

LaTeX Font Warning: Size substitutions with differences
(Font)              up to 1.0pt have occurred.


LaTeX Font Warning: Some font shapes were not available, defaults substituted.

 ) 
Here is how much of TeX's memory you used:
 16327 strings out of 493304
 303908 string characters out of 6139870
 436584 words of memory out of 5000000
 19393 multiletter control sequences out of 15000+600000
 19852 words of font info for 76 fonts, out of 8000000 for 9000
 957 hyphenation exceptions out of 8191
 56i,16n,56p,2069b,540s stack positions out of 5000i,500n,10000p,200000b,80000s
</usr/share/texlive/texmf-dist/fonts/type1/public/amsfonts/cm/cmbx10.pfb></us
r/share/texlive/texmf-dist/fonts/type1/public/amsfonts/cm/cmbx6.pfb></usr/share
/texlive/texmf-dist/fonts/type1/public/amsfonts/cm/cmitt10.pfb></usr/share/texl
ive/texmf-dist/fonts/type1/public/amsfonts/cm/cmmi10.pfb></usr/share/texlive/te
xmf-dist/fonts/type1/public/amsfonts/cm/cmmi5.pfb></usr/share/texlive/texmf-dis
t/fonts/type1/public/amsfonts/cm/cmmi7.pfb></usr/share/texlive/texmf-dist/fonts
/type1/public/amsfonts/cm/cmmi8.pfb></usr/share/texlive/texmf-dist/fonts/type1/
public/amsfonts/cmextra/cmmib8.pfb></usr/share/texlive/texmf-dist/fonts/type1/p
ublic/amsfonts/cm/cmr10.pfb></usr/share/texlive/texmf-dist/fonts/type1/public/a
msfonts/cm/cmr6.pfb></usr/share/texlive/texmf-dist/fonts/type1/public/amsfonts/
cm/cmr7.pfb></usr/share/texlive/texmf-dist/fonts/type1/public/amsfonts/cm/cmr8.
pfb></usr/share/texlive/texmf-dist/fonts/type1/public/amsfonts/cm/cmss10.pfb></
usr/share/texlive/texmf-dist/fonts/type1/public/amsfonts/cm/cmss17.pfb></usr/sh
are/texlive/texmf-dist/fonts/type1/public/amsfonts/cm/cmss8.pfb></usr/share/tex
live/texmf-dist/fonts/type1/public/amsfonts/cm/cmssbx10.pfb></usr/share/texlive
/texmf-dist/fonts/type1/public/amsfonts/cm/cmssi10.pfb></usr/share/texlive/texm
f-dist/fonts/type1/public/amsfonts/cm/cmssi8.pfb></usr/share/texlive/texmf-dist
/fonts/type1/public/amsfonts/cm/cmsy10.pfb></usr/share/texlive/texmf-dist/fonts
/type1/public/amsfonts/cm/cmsy5.pfb></usr/share/texlive/texmf-dist/fonts/type1/
public/amsfonts/cm/cmsy7.pfb></usr/share/texlive/texmf-dist/fonts/type1/public/
amsfonts/cm/cmsy8.pfb></usr/share/texlive/texmf-dist/fonts/type1/public/amsfont
s/cm/cmti10.pfb></usr/share/texlive/texmf-dist/fonts/type1/public/amsfonts/cm/c
mtt10.pfb></usr/share/texlive/texmf-dist/fonts/type1/public/amsfonts/cm/cmtt8.p
fb></usr/share/texmf/fonts/type1/public/tex-gyre/qhvr.pfb></usr/share/texlive/t
exmf-dist/fonts/type1/urw/helvetic/uhvb8a.pfb></usr/share/texlive/texmf-dist/fo
nts/type1/urw/helvetic/uhvr8a.pfb>
Output written on chipexo_QC_vs2.pdf (25 pages, 837049 bytes).
PDF statistics:
 441 PDF objects out of 1000 (max. 8388607)
 302 compressed objects within 4 object streams
 0 named destinations out of 1000 (max. 500000)
 98 words of extra memory for PDF output out of 10000 (max. 10000000)

