This is pdfTeX, Version 3.1415926-2.3-1.40.12 (TeX Live 2011) (format=pdflatex 2011.9.8)  5 JUN 2016 14:11
entering extended mode
 restricted \write18 enabled.
 %&-line parsing enabled.
**supplement
(./supplement.tex
LaTeX2e <2011/06/27>
Babel <v3.8m> and hyphenation patterns for english, dumylang, nohyphenation, ge
rman-x-2011-07-01, ngerman-x-2011-07-01, afrikaans, ancientgreek, ibycus, arabi
c, armenian, basque, bulgarian, catalan, pinyin, coptic, croatian, czech, danis
h, dutch, ukenglish, usenglishmax, esperanto, estonian, ethiopic, farsi, finnis
h, french, galician, german, ngerman, swissgerman, monogreek, greek, hungarian,
 icelandic, assamese, bengali, gujarati, hindi, kannada, malayalam, marathi, or
iya, panjabi, tamil, telugu, indonesian, interlingua, irish, italian, kurmanji,
 lao, latin, latvian, lithuanian, mongolian, mongolianlmc, bokmal, nynorsk, pol
ish, portuguese, romanian, russian, sanskrit, serbian, serbianc, slovak, sloven
ian, spanish, swedish, turkish, turkmen, ukrainian, uppersorbian, welsh, loaded
.

(/afs/cs.wisc.edu/s/texlive-2011/amd64_rhel5/texmf-dist/tex/latex/base/article.
cls
Document Class: article 2007/10/19 v1.4h Standard LaTeX document class

(/afs/cs.wisc.edu/s/texlive-2011/amd64_rhel5/texmf-dist/tex/latex/base/size10.c
lo
File: size10.clo 2007/10/19 v1.4h Standard LaTeX file (size option)
)
\c@part=\count79
\c@section=\count80
\c@subsection=\count81
\c@subsubsection=\count82
\c@paragraph=\count83
\c@subparagraph=\count84
\c@figure=\count85
\c@table=\count86
\abovecaptionskip=\skip41
\belowcaptionskip=\skip42
\bibindent=\dimen102
)
(/afs/cs.wisc.edu/s/texlive-2011/amd64_rhel5/texmf-dist/tex/latex/preprint/auth
blk.sty
Package: authblk 2009/11/18 1.3 (PWD)
\affilsep=\skip43
\@affilsep=\skip44
\c@Maxaffil=\count87
\c@authors=\count88
\c@affil=\count89
)
(/afs/cs.wisc.edu/s/texlive-2011/amd64_rhel5/texmf-dist/tex/latex/graphics/grap
hicx.sty
Package: graphicx 1999/02/16 v1.0f Enhanced LaTeX Graphics (DPC,SPQR)

(/afs/cs.wisc.edu/s/texlive-2011/amd64_rhel5/texmf-dist/tex/latex/graphics/keyv
al.sty
Package: keyval 1999/03/16 v1.13 key=value parser (DPC)
\KV@toks@=\toks14
)
(/afs/cs.wisc.edu/s/texlive-2011/amd64_rhel5/texmf-dist/tex/latex/graphics/grap
hics.sty
Package: graphics 2009/02/05 v1.0o Standard LaTeX Graphics (DPC,SPQR)

(/afs/cs.wisc.edu/s/texlive-2011/amd64_rhel5/texmf-dist/tex/latex/graphics/trig
.sty
Package: trig 1999/03/16 v1.09 sin cos tan (DPC)
)
(/afs/cs.wisc.edu/s/texlive-2011/amd64_rhel5/texmf-dist/tex/latex/latexconfig/g
raphics.cfg
File: graphics.cfg 2010/04/23 v1.9 graphics configuration of TeX Live
)
Package graphics Info: Driver file: pdftex.def on input line 91.

(/afs/cs.wisc.edu/s/texlive-2011/amd64_rhel5/texmf-dist/tex/latex/pdftex-def/pd
ftex.def
File: pdftex.def 2011/05/27 v0.06d Graphics/color for pdfTeX

(/afs/cs.wisc.edu/s/texlive-2011/amd64_rhel5/texmf-dist/tex/generic/oberdiek/in
fwarerr.sty
Package: infwarerr 2010/04/08 v1.3 Providing info/warning/message (HO)
)
(/afs/cs.wisc.edu/s/texlive-2011/amd64_rhel5/texmf-dist/tex/generic/oberdiek/lt
xcmds.sty
Package: ltxcmds 2011/04/18 v1.20 LaTeX kernel commands for general use (HO)
)
\Gread@gobject=\count90
))
\Gin@req@height=\dimen103
\Gin@req@width=\dimen104
)
(/afs/cs.wisc.edu/s/texlive-2011/amd64_rhel5/texmf-dist/tex/latex/float/float.s
ty
Package: float 2001/11/08 v1.3d Float enhancements (AL)
\c@float@type=\count91
\float@exts=\toks15
\float@box=\box26
\@float@everytoks=\toks16
\@floatcapt=\box27
)
(/afs/cs.wisc.edu/s/texlive-2011/amd64_rhel5/texmf-dist/tex/latex/tabu/tabu.sty
Package: tabu 2011/02/26 v2.8 - flexible LaTeX tabulars (FC)

(/afs/cs.wisc.edu/s/texlive-2011/amd64_rhel5/texmf-dist/tex/latex/tools/array.s
ty
Package: array 2008/09/09 v2.4c Tabular extension package (FMi)
\col@sep=\dimen105
\extrarowheight=\dimen106
\NC@list=\toks17
\extratabsurround=\skip45
\backup@length=\skip46
)
(/afs/cs.wisc.edu/s/texlive-2011/amd64_rhel5/texmf-dist/tex/latex/varwidth/varw
idth.sty
Package: varwidth 2009/03/30 ver 0.92;  Variable-width minipages
\@vwid@box=\box28
\sift@deathcycles=\count92
\@vwid@loff=\dimen107
\@vwid@roff=\dimen108
)
\c@taburow=\count93
\tabu@nbcols=\count94
\tabu@cnt=\count95
\tabu@Xcol=\count96
\tabu@alloc=\count97
\tabu@nested=\count98
\tabu@target=\dimen109
\tabu@spreadtarget=\dimen110
\tabu@naturalX=\dimen111
\tabucolX=\dimen112
\tabu@Xsum=\dimen113
\extrarowdepth=\dimen114
\abovetabulinesep=\dimen115
\belowtabulinesep=\dimen116
\tabustrutrule=\dimen117
\tabu@thebody=\toks18
\tabu@footnotes=\toks19
\tabu@box=\box29
\tabu@arstrutbox=\box30
\tabu@hleads=\box31
\tabu@vleads=\box32
\tabu@cellskip=\skip47
)
(/afs/cs.wisc.edu/s/texlive-2011/amd64_rhel5/texmf-dist/tex/latex/multirow/mult
irow.sty
\bigstrutjot=\dimen118
)
(/afs/cs.wisc.edu/s/texlive-2011/amd64_rhel5/texmf-dist/tex/latex/xcolor/xcolor
.sty
Package: xcolor 2007/01/21 v2.11 LaTeX color extensions (UK)

(/afs/cs.wisc.edu/s/texlive-2011/amd64_rhel5/texmf-dist/tex/latex/latexconfig/c
olor.cfg
File: color.cfg 2007/01/18 v1.5 color configuration of teTeX/TeXLive
)
Package xcolor Info: Driver file: pdftex.def on input line 225.
Package xcolor Info: Model `cmy' substituted by `cmy0' on input line 1337.
Package xcolor Info: Model `hsb' substituted by `rgb' on input line 1341.
Package xcolor Info: Model `RGB' extended on input line 1353.
Package xcolor Info: Model `HTML' substituted by `rgb' on input line 1355.
Package xcolor Info: Model `Hsb' substituted by `hsb' on input line 1356.
Package xcolor Info: Model `tHsb' substituted by `hsb' on input line 1357.
Package xcolor Info: Model `HSB' substituted by `hsb' on input line 1358.
Package xcolor Info: Model `Gray' substituted by `gray' on input line 1359.
Package xcolor Info: Model `wave' substituted by `hsb' on input line 1360.
) (./supplement.aux)
\openout1 = `supplement.aux'.

LaTeX Font Info:    Checking defaults for OML/cmm/m/it on input line 45.
LaTeX Font Info:    ... okay on input line 45.
LaTeX Font Info:    Checking defaults for T1/cmr/m/n on input line 45.
LaTeX Font Info:    ... okay on input line 45.
LaTeX Font Info:    Checking defaults for OT1/cmr/m/n on input line 45.
LaTeX Font Info:    ... okay on input line 45.
LaTeX Font Info:    Checking defaults for OMS/cmsy/m/n on input line 45.
LaTeX Font Info:    ... okay on input line 45.
LaTeX Font Info:    Checking defaults for OMX/cmex/m/n on input line 45.
LaTeX Font Info:    ... okay on input line 45.
LaTeX Font Info:    Checking defaults for U/cmr/m/n on input line 45.
LaTeX Font Info:    ... okay on input line 45.

(/afs/cs.wisc.edu/s/texlive-2011/amd64_rhel5/texmf-dist/tex/context/base/supp-p
df.mkii
[Loading MPS to PDF converter (version 2006.09.02).]
\scratchcounter=\count99
\scratchdimen=\dimen119
\scratchbox=\box33
\nofMPsegments=\count100
\nofMParguments=\count101
\everyMPshowfont=\toks20
\MPscratchCnt=\count102
\MPscratchDim=\dimen120
\MPnumerator=\count103
\makeMPintoPDFobject=\count104
\everyMPtoPDFconversion=\toks21
)
(/afs/cs.wisc.edu/s/texlive-2011/amd64_rhel5/texmf-dist/tex/generic/oberdiek/pd
ftexcmds.sty
Package: pdftexcmds 2011/04/22 v0.16 Utilities of pdfTeX for LuaTeX (HO)

(/afs/cs.wisc.edu/s/texlive-2011/amd64_rhel5/texmf-dist/tex/generic/oberdiek/if
luatex.sty
Package: ifluatex 2010/03/01 v1.3 Provides the ifluatex switch (HO)
Package ifluatex Info: LuaTeX not detected.
)
(/afs/cs.wisc.edu/s/texlive-2011/amd64_rhel5/texmf-dist/tex/generic/oberdiek/if
pdf.sty
Package: ifpdf 2011/01/30 v2.3 Provides the ifpdf switch (HO)
Package ifpdf Info: pdfTeX in PDF mode is detected.
)
Package pdftexcmds Info: LuaTeX not detected.
Package pdftexcmds Info: \pdf@primitive is available.
Package pdftexcmds Info: \pdf@ifprimitive is available.
Package pdftexcmds Info: \pdfdraftmode found.
)
(/afs/cs.wisc.edu/s/texlive-2011/amd64_rhel5/texmf-dist/tex/latex/oberdiek/epst
opdf-base.sty
Package: epstopdf-base 2010/02/09 v2.5 Base part for package epstopdf

(/afs/cs.wisc.edu/s/texlive-2011/amd64_rhel5/texmf-dist/tex/latex/oberdiek/grfe
xt.sty
Package: grfext 2010/08/19 v1.1 Managing graphics extensions (HO)

(/afs/cs.wisc.edu/s/texlive-2011/amd64_rhel5/texmf-dist/tex/generic/oberdiek/kv
definekeys.sty
Package: kvdefinekeys 2011/04/07 v1.3 Defining keys (HO)
))
(/afs/cs.wisc.edu/s/texlive-2011/amd64_rhel5/texmf-dist/tex/latex/oberdiek/kvop
tions.sty
Package: kvoptions 2010/12/23 v3.10 Keyval support for LaTeX options (HO)

(/afs/cs.wisc.edu/s/texlive-2011/amd64_rhel5/texmf-dist/tex/generic/oberdiek/kv
setkeys.sty
Package: kvsetkeys 2011/04/07 v1.13 Key value parser (HO)

(/afs/cs.wisc.edu/s/texlive-2011/amd64_rhel5/texmf-dist/tex/generic/oberdiek/et
excmds.sty
Package: etexcmds 2011/02/16 v1.5 Prefix for e-TeX command names (HO)
Package etexcmds Info: Could not find \expanded.
(etexcmds)             That can mean that you are not using pdfTeX 1.50 or
(etexcmds)             that some package has redefined \expanded.
(etexcmds)             In the latter case, load this package earlier.
)))
Package grfext Info: Graphics extension search list:
(grfext)             [.png,.pdf,.jpg,.mps,.jpeg,.jbig2,.jb2,.PNG,.PDF,.JPG,.JPE
G,.JBIG2,.JB2,.eps]
(grfext)             \AppendGraphicsExtensions on input line 452.

(/afs/cs.wisc.edu/s/texlive-2011/amd64_rhel5/texmf-dist/tex/latex/latexconfig/e
pstopdf-sys.cfg
File: epstopdf-sys.cfg 2010/07/13 v1.3 Configuration of (r)epstopdf for TeX Liv
e
))
LaTeX Font Info:    External font `cmex10' loaded for size
(Font)              <12> on input line 47.
LaTeX Font Info:    External font `cmex10' loaded for size
(Font)              <8> on input line 47.
LaTeX Font Info:    External font `cmex10' loaded for size
(Font)              <6> on input line 47.
 (./supplement.toc
LaTeX Font Info:    External font `cmex10' loaded for size
(Font)              <7> on input line 4.
LaTeX Font Info:    External font `cmex10' loaded for size
(Font)              <5> on input line 4.
)
\tf@toc=\write3
\openout3 = `supplement.toc'.

 [1

{/afs/cs.wisc.edu/s/texlive-2011/amd64_rhel5/texmf-var/fonts/map/pdftex/updmap/
pdftex.map}]
<figures/supplement/ChIPSeq_comp/sig70_rif_count_comparison.pdf, id=12, page=1,
 505.89pt x 505.89pt>
File: figures/supplement/ChIPSeq_comp/sig70_rif_count_comparison.pdf Graphic fi
le (type pdf)

<use figures/supplement/ChIPSeq_comp/sig70_rif_count_comparison.pdf, page 1>
Package pdftex.def Info: figures/supplement/ChIPSeq_comp/sig70_rif_count_compar
ison.pdf, page1 used on input line 60.
(pdftex.def)             Requested size: 120.7521pt x 120.75221pt.

<figures/supplement/ChIPSeq_comp/sig70_rif_count_comparison.pdf, id=13, page=2,
 505.89pt x 505.89pt>
File: figures/supplement/ChIPSeq_comp/sig70_rif_count_comparison.pdf Graphic fi
le (type pdf)

<use figures/supplement/ChIPSeq_comp/sig70_rif_count_comparison.pdf, page 2>
Package pdftex.def Info: figures/supplement/ChIPSeq_comp/sig70_rif_count_compar
ison.pdf, page2 used on input line 62.
(pdftex.def)             Requested size: 120.7521pt x 120.75221pt.

<figures/supplement/ChIPSeq_comp/sig70_rif_count_comparison.pdf, id=14, page=3,
 505.89pt x 505.89pt>
File: figures/supplement/ChIPSeq_comp/sig70_rif_count_comparison.pdf Graphic fi
le (type pdf)

<use figures/supplement/ChIPSeq_comp/sig70_rif_count_comparison.pdf, page 3>
Package pdftex.def Info: figures/supplement/ChIPSeq_comp/sig70_rif_count_compar
ison.pdf, page3 used on input line 64.
(pdftex.def)             Requested size: 120.7521pt x 120.75221pt.

<figures/supplement/ChIPSeq_comp/sig70_rif_count_comparison.pdf, id=15, page=4,
 505.89pt x 505.89pt>
File: figures/supplement/ChIPSeq_comp/sig70_rif_count_comparison.pdf Graphic fi
le (type pdf)

<use figures/supplement/ChIPSeq_comp/sig70_rif_count_comparison.pdf, page 4>
Package pdftex.def Info: figures/supplement/ChIPSeq_comp/sig70_rif_count_compar
ison.pdf, page4 used on input line 66.
(pdftex.def)             Requested size: 120.7521pt x 120.75221pt.

<figures/supplement/ChIPSeq_comp/Sig70_strand_imbalance_rif.pdf, id=16, 433.62p
t x 216.81pt>
File: figures/supplement/ChIPSeq_comp/Sig70_strand_imbalance_rif.pdf Graphic fi
le (type pdf)

<use figures/supplement/ChIPSeq_comp/Sig70_strand_imbalance_rif.pdf>
Package pdftex.def Info: figures/supplement/ChIPSeq_comp/Sig70_strand_imbalance
_rif.pdf used on input line 68.
(pdftex.def)             Requested size: 310.4979pt x 155.25616pt.

<figures/supplement/ChIPSeq_comp/pugh_CTCF_human_bin_comp.pdf, id=17, page=1, 5
05.89pt x 505.89pt>
File: figures/supplement/ChIPSeq_comp/pugh_CTCF_human_bin_comp.pdf Graphic file
 (type pdf)

<use figures/supplement/ChIPSeq_comp/pugh_CTCF_human_bin_comp.pdf, page 1>
Package pdftex.def Info: figures/supplement/ChIPSeq_comp/pugh_CTCF_human_bin_co
mp.pdf, page1 used on input line 81.
(pdftex.def)             Requested size: 120.7521pt x 120.75221pt.

<figures/supplement/ChIPSeq_comp/CTCF_imbalance.pdf, id=18, page=1, 505.89pt x 
505.89pt>
File: figures/supplement/ChIPSeq_comp/CTCF_imbalance.pdf Graphic file (type pdf
)
 <use figures/supplement/ChIPSeq_comp/CTCF_imbalance.pdf, page 1>
Package pdftex.def Info: figures/supplement/ChIPSeq_comp/CTCF_imbalance.pdf, pa
ge1 used on input line 83.
(pdftex.def)             Requested size: 120.7521pt x 120.75221pt.

<figures/supplement/ChIPSeq_comp/pugh_CTCF_human_bin_comp.pdf, id=19, page=2, 5
05.89pt x 505.89pt>
File: figures/supplement/ChIPSeq_comp/pugh_CTCF_human_bin_comp.pdf Graphic file
 (type pdf)

<use figures/supplement/ChIPSeq_comp/pugh_CTCF_human_bin_comp.pdf, page 2>
Package pdftex.def Info: figures/supplement/ChIPSeq_comp/pugh_CTCF_human_bin_co
mp.pdf, page2 used on input line 85.
(pdftex.def)             Requested size: 120.7521pt x 120.75221pt.

<figures/supplement/ChIPSeq_comp/CTCF_imbalance.pdf, id=20, page=2, 505.89pt x 
505.89pt>
File: figures/supplement/ChIPSeq_comp/CTCF_imbalance.pdf Graphic file (type pdf
)
 <use figures/supplement/ChIPSeq_comp/CTCF_imbalance.pdf, page 2>
Package pdftex.def Info: figures/supplement/ChIPSeq_comp/CTCF_imbalance.pdf, pa
ge2 used on input line 87.
(pdftex.def)             Requested size: 120.7521pt x 120.75221pt.

[2 <./figures/supplement/ChIPSeq_comp/sig70_rif_count_comparison.pdf> <./figure
s/supplement/ChIPSeq_comp/sig70_rif_count_comparison.pdf> <./figures/supplement
/ChIPSeq_comp/sig70_rif_count_comparison.pdf> <./figures/supplement/ChIPSeq_com
p/sig70_rif_count_comparison.pdf> <./figures/supplement/ChIPSeq_comp/Sig70_stra
nd_imbalance_rif.pdf>]
<figures/supplement/ChIPSeq_comp/carroll_ER_human_bin_comp.pdf, id=40, page=1, 
505.89pt x 505.89pt>
File: figures/supplement/ChIPSeq_comp/carroll_ER_human_bin_comp.pdf Graphic fil
e (type pdf)

<use figures/supplement/ChIPSeq_comp/carroll_ER_human_bin_comp.pdf, page 1>
Package pdftex.def Info: figures/supplement/ChIPSeq_comp/carroll_ER_human_bin_c
omp.pdf, page1 used on input line 99.
(pdftex.def)             Requested size: 120.7521pt x 120.75221pt.

<figures/supplement/ChIPSeq_comp/ER_imbalance.pdf, id=41, page=1, 505.89pt x 50
5.89pt>
File: figures/supplement/ChIPSeq_comp/ER_imbalance.pdf Graphic file (type pdf)
 <use figures/supplement/ChIPSeq_comp/ER_imbalance.pdf, page 1>
Package pdftex.def Info: figures/supplement/ChIPSeq_comp/ER_imbalance.pdf, page
1 used on input line 101.
(pdftex.def)             Requested size: 120.7521pt x 120.75221pt.

<figures/supplement/ChIPSeq_comp/carroll_ER_human_bin_comp.pdf, id=42, page=2, 
505.89pt x 505.89pt>
File: figures/supplement/ChIPSeq_comp/carroll_ER_human_bin_comp.pdf Graphic fil
e (type pdf)

<use figures/supplement/ChIPSeq_comp/carroll_ER_human_bin_comp.pdf, page 2>
Package pdftex.def Info: figures/supplement/ChIPSeq_comp/carroll_ER_human_bin_c
omp.pdf, page2 used on input line 103.
(pdftex.def)             Requested size: 120.7521pt x 120.75221pt.

<figures/supplement/ChIPSeq_comp/ER_imbalance.pdf, id=43, page=2, 505.89pt x 50
5.89pt>
File: figures/supplement/ChIPSeq_comp/ER_imbalance.pdf Graphic file (type pdf)
 <use figures/supplement/ChIPSeq_comp/ER_imbalance.pdf, page 2>
Package pdftex.def Info: figures/supplement/ChIPSeq_comp/ER_imbalance.pdf, page
2 used on input line 105.
(pdftex.def)             Requested size: 120.7521pt x 120.75221pt.

<figures/supplement/ChIPSeq_comp/carroll_ER_human_bin_comp.pdf, id=44, page=3, 
505.89pt x 505.89pt>
File: figures/supplement/ChIPSeq_comp/carroll_ER_human_bin_comp.pdf Graphic fil
e (type pdf)

<use figures/supplement/ChIPSeq_comp/carroll_ER_human_bin_comp.pdf, page 3>
Package pdftex.def Info: figures/supplement/ChIPSeq_comp/carroll_ER_human_bin_c
omp.pdf, page3 used on input line 107.
(pdftex.def)             Requested size: 120.7521pt x 120.75221pt.

<figures/supplement/ChIPSeq_comp/ER_imbalance.pdf, id=45, page=3, 505.89pt x 50
5.89pt>
File: figures/supplement/ChIPSeq_comp/ER_imbalance.pdf Graphic file (type pdf)
 <use figures/supplement/ChIPSeq_comp/ER_imbalance.pdf, page 3>
Package pdftex.def Info: figures/supplement/ChIPSeq_comp/ER_imbalance.pdf, page
3 used on input line 109.
(pdftex.def)             Requested size: 120.7521pt x 120.75221pt.
 [3 <./figures/supplement/ChIPSeq_comp/pugh_CTCF_human_bin_comp.pdf> <./figures
/supplement/ChIPSeq_comp/CTCF_imbalance.pdf> <./figures/supplement/ChIPSeq_comp
/pugh_CTCF_human_bin_comp.pdf> <./figures/supplement/ChIPSeq_comp/CTCF_imbalanc
e.pdf>]
[4 <./figures/supplement/ChIPSeq_comp/carroll_ER_human_bin_comp.pdf> <./figures
/supplement/ChIPSeq_comp/ER_imbalance.pdf> <./figures/supplement/ChIPSeq_comp/c
arroll_ER_human_bin_comp.pdf> <./figures/supplement/ChIPSeq_comp/ER_imbalance.p
df> <./figures/supplement/ChIPSeq_comp/carroll_ER_human_bin_comp.pdf> <./figure
s/supplement/ChIPSeq_comp/ER_imbalance.pdf>]
Overfull \hbox (9.8612pt too wide) in paragraph at lines 122--122
[]\OT1/cmr/bx/n/14.4 SCC curves for ChIP-exo and ChIP-nexus data. 
 []

<figures/supplement/SCC/Carroll_human_SCC.pdf, id=77, 433.62pt x 289.08pt>
File: figures/supplement/SCC/Carroll_human_SCC.pdf Graphic file (type pdf)

<use figures/supplement/SCC/Carroll_human_SCC.pdf>
Package pdftex.def Info: figures/supplement/SCC/Carroll_human_SCC.pdf used on i
nput line 127.
(pdftex.def)             Requested size: 241.49895pt x 161.00148pt.

<figures/supplement/SCC/Carroll_mouse_SCC.pdf, id=78, 289.08pt x 289.08pt>
File: figures/supplement/SCC/Carroll_mouse_SCC.pdf Graphic file (type pdf)

<use figures/supplement/SCC/Carroll_mouse_SCC.pdf>
Package pdftex.def Info: figures/supplement/SCC/Carroll_mouse_SCC.pdf used on i
nput line 136.
(pdftex.def)             Requested size: 172.5pt x 172.49655pt.

<figures/supplement/SCC/Meijsing_GR_SCC.pdf, id=79, 289.08pt x 289.08pt>
File: figures/supplement/SCC/Meijsing_GR_SCC.pdf Graphic file (type pdf)

<use figures/supplement/SCC/Meijsing_GR_SCC.pdf>
Package pdftex.def Info: figures/supplement/SCC/Meijsing_GR_SCC.pdf used on inp
ut line 144.
(pdftex.def)             Requested size: 172.5pt x 172.49655pt.
 [5 <./figures/supplement/SCC/Carroll_human_SCC.pdf> <./figures/supplement/SCC/
Carroll_mouse_SCC.pdf>]
<figures/supplement/SCC/TBP_K562_SCC.pdf, id=93, 433.62pt x 289.08pt>
File: figures/supplement/SCC/TBP_K562_SCC.pdf Graphic file (type pdf)

<use figures/supplement/SCC/TBP_K562_SCC.pdf>
Package pdftex.def Info: figures/supplement/SCC/TBP_K562_SCC.pdf used on input 
line 153.
(pdftex.def)             Requested size: 258.75pt x 172.50978pt.

<figures/supplement/SCC/Nexus_embryo_dorsal_SCC.pdf, id=94, 289.08pt x 289.08pt
>
File: figures/supplement/SCC/Nexus_embryo_dorsal_SCC.pdf Graphic file (type pdf
)
 <use figures/supplement/SCC/Nexus_embryo_dorsal_SCC.pdf>
Package pdftex.def Info: figures/supplement/SCC/Nexus_embryo_dorsal_SCC.pdf use
d on input line 162.
(pdftex.def)             Requested size: 172.5pt x 172.49655pt.
 [6 <./figures/supplement/SCC/Meijsing_GR_SCC.pdf> <./figures/supplement/SCC/TB
P_K562_SCC.pdf>]
<figures/supplement/SCC/Nexus_embryo_twist_SCC.pdf, id=108, 289.08pt x 289.08pt
>
File: figures/supplement/SCC/Nexus_embryo_twist_SCC.pdf Graphic file (type pdf)

 <use figures/supplement/SCC/Nexus_embryo_twist_SCC.pdf>
Package pdftex.def Info: figures/supplement/SCC/Nexus_embryo_twist_SCC.pdf used
 on input line 171.
(pdftex.def)             Requested size: 172.5pt x 172.49655pt.

<figures/supplement/SCC/Nexus_S2_Max_SCC.pdf, id=109, 289.08pt x 289.08pt>
File: figures/supplement/SCC/Nexus_S2_Max_SCC.pdf Graphic file (type pdf)

<use figures/supplement/SCC/Nexus_S2_Max_SCC.pdf>
Package pdftex.def Info: figures/supplement/SCC/Nexus_S2_Max_SCC.pdf used on in
put line 180.
(pdftex.def)             Requested size: 172.5pt x 172.49655pt.
 [7 <./figures/supplement/SCC/Nexus_embryo_dorsal_SCC.pdf> <./figures/supplemen
t/SCC/Nexus_embryo_twist_SCC.pdf>]
<figures/supplement/SCC/Nexus_S2_MyC_SCC.pdf, id=125, 289.08pt x 289.08pt>
File: figures/supplement/SCC/Nexus_S2_MyC_SCC.pdf Graphic file (type pdf)

<use figures/supplement/SCC/Nexus_S2_MyC_SCC.pdf>
Package pdftex.def Info: figures/supplement/SCC/Nexus_S2_MyC_SCC.pdf used on in
put line 189.
(pdftex.def)             Requested size: 172.5pt x 172.49655pt.
 [8 <./figures/supplement/SCC/Nexus_S2_Max_SCC.pdf> <./figures/supplement/SCC/N
exus_S2_MyC_SCC.pdf>]
<figures/supplement/QC/Sig70_bios1_enrichment.pdf, id=139, page=1, 505.89pt x 5
05.89pt>
File: figures/supplement/QC/Sig70_bios1_enrichment.pdf Graphic file (type pdf)
 <use figures/supplement/QC/Sig70_bios1_enrichment.pdf, page 1>
Package pdftex.def Info: figures/supplement/QC/Sig70_bios1_enrichment.pdf, page
1 used on input line 205.
(pdftex.def)             Requested size: 172.5pt x 172.50206pt.

<figures/supplement/QC/Sig70_bios1_strand_imbalance.pdf, id=140, page=1, 505.89
pt x 505.89pt>
File: figures/supplement/QC/Sig70_bios1_strand_imbalance.pdf Graphic file (type
 pdf)

<use figures/supplement/QC/Sig70_bios1_strand_imbalance.pdf, page 1>
Package pdftex.def Info: figures/supplement/QC/Sig70_bios1_strand_imbalance.pdf
, page1 used on input line 207.
(pdftex.def)             Requested size: 155.24895pt x 155.24954pt.

<figures/supplement/QC/Sig70_bios1_strand_imbalance.pdf, id=141, page=3, 505.89
pt x 505.89pt>
File: figures/supplement/QC/Sig70_bios1_strand_imbalance.pdf Graphic file (type
 pdf)

<use figures/supplement/QC/Sig70_bios1_strand_imbalance.pdf, page 3>
Package pdftex.def Info: figures/supplement/QC/Sig70_bios1_strand_imbalance.pdf
, page3 used on input line 209.
(pdftex.def)             Requested size: 155.24895pt x 155.24954pt.

<figures/supplement/QC/Sig70_bios2_enrichment.pdf, id=142, page=1, 505.89pt x 5
05.89pt>
File: figures/supplement/QC/Sig70_bios2_enrichment.pdf Graphic file (type pdf)
 <use figures/supplement/QC/Sig70_bios2_enrichment.pdf, page 1>
Package pdftex.def Info: figures/supplement/QC/Sig70_bios2_enrichment.pdf, page
1 used on input line 218.
(pdftex.def)             Requested size: 172.5pt x 172.50206pt.

<figures/supplement/QC/Sig70_bios2_strand_imbalance.pdf, id=143, page=1, 505.89
pt x 505.89pt>
File: figures/supplement/QC/Sig70_bios2_strand_imbalance.pdf Graphic file (type
 pdf)

<use figures/supplement/QC/Sig70_bios2_strand_imbalance.pdf, page 1>
Package pdftex.def Info: figures/supplement/QC/Sig70_bios2_strand_imbalance.pdf
, page1 used on input line 220.
(pdftex.def)             Requested size: 155.24895pt x 155.24954pt.

<figures/supplement/QC/Sig70_bios2_strand_imbalance.pdf, id=144, page=3, 505.89
pt x 505.89pt>
File: figures/supplement/QC/Sig70_bios2_strand_imbalance.pdf Graphic file (type
 pdf)

<use figures/supplement/QC/Sig70_bios2_strand_imbalance.pdf, page 3>
Package pdftex.def Info: figures/supplement/QC/Sig70_bios2_strand_imbalance.pdf
, page3 used on input line 222.
(pdftex.def)             Requested size: 155.24895pt x 155.24954pt.
 [9 <./figures/supplement/QC/Sig70_bios1_enrichment.pdf> <./figures/supplement/
QC/Sig70_bios1_strand_imbalance.pdf> <./figures/supplement/QC/Sig70_bios1_stran
d_imbalance.pdf>]
<figures/supplement/QC/Pugh_CTCF_hela_enrichment.pdf, id=160, page=1, 216.81pt 
x 289.08pt>
File: figures/supplement/QC/Pugh_CTCF_hela_enrichment.pdf Graphic file (type pd
f)
 <use figures/supplement/QC/Pugh_CTCF_hela_enrichment.pdf, page 1>
Package pdftex.def Info: figures/supplement/QC/Pugh_CTCF_hela_enrichment.pdf, p
age1 used on input line 231.
(pdftex.def)             Requested size: 120.7521pt x 161.00589pt.

<figures/supplement/QC/Pugh_CTCF_hela_strand_imbalance.pdf, id=161, page=1, 433
.62pt x 151.56625pt>
File: figures/supplement/QC/Pugh_CTCF_hela_strand_imbalance.pdf Graphic file (t
ype pdf)

<use figures/supplement/QC/Pugh_CTCF_hela_strand_imbalance.pdf, page 1>
Package pdftex.def Info: figures/supplement/QC/Pugh_CTCF_hela_strand_imbalance.
pdf, page1 used on input line 233.
(pdftex.def)             Requested size: 224.2479pt x 78.38242pt.

<figures/supplement/QC/Pugh_CTCF_hela_strand_imbalance.pdf, id=162, page=3, 433
.62pt x 151.56625pt>
File: figures/supplement/QC/Pugh_CTCF_hela_strand_imbalance.pdf Graphic file (t
ype pdf)

<use figures/supplement/QC/Pugh_CTCF_hela_strand_imbalance.pdf, page 3>
Package pdftex.def Info: figures/supplement/QC/Pugh_CTCF_hela_strand_imbalance.
pdf, page3 used on input line 235.
(pdftex.def)             Requested size: 224.2479pt x 78.38242pt.

[10 <./figures/supplement/QC/Sig70_bios2_enrichment.pdf> <./figures/supplement/
QC/Sig70_bios2_strand_imbalance.pdf> <./figures/supplement/QC/Sig70_bios2_stran
d_imbalance.pdf>]
<figures/supplement/QC/Carroll_ER_MCF7_enrichment.pdf, id=178, page=1, 650.43pt
 x 289.08pt>
File: figures/supplement/QC/Carroll_ER_MCF7_enrichment.pdf Graphic file (type p
df)

<use figures/supplement/QC/Carroll_ER_MCF7_enrichment.pdf, page 1>
Package pdftex.def Info: figures/supplement/QC/Carroll_ER_MCF7_enrichment.pdf, 
page1 used on input line 244.
(pdftex.def)             Requested size: 258.75pt x 115.00359pt.

<figures/supplement/QC/Carroll_ER_MCF7_strand_imbalance.pdf, id=179, page=1, 43
3.62pt x 325.215pt>
File: figures/supplement/QC/Carroll_ER_MCF7_strand_imbalance.pdf Graphic file (
type pdf)

<use figures/supplement/QC/Carroll_ER_MCF7_strand_imbalance.pdf, page 1>
Package pdftex.def Info: figures/supplement/QC/Carroll_ER_MCF7_strand_imbalance
.pdf, page1 used on input line 246.
(pdftex.def)             Requested size: 224.2479pt x 168.1848pt.

<figures/supplement/QC/Carroll_ER_MCF7_strand_imbalance.pdf, id=180, page=3, 43
3.62pt x 325.215pt>
File: figures/supplement/QC/Carroll_ER_MCF7_strand_imbalance.pdf Graphic file (
type pdf)

<use figures/supplement/QC/Carroll_ER_MCF7_strand_imbalance.pdf, page 3>
Package pdftex.def Info: figures/supplement/QC/Carroll_ER_MCF7_strand_imbalance
.pdf, page3 used on input line 248.
(pdftex.def)             Requested size: 224.2479pt x 168.1848pt.

[11 <./figures/supplement/QC/Pugh_CTCF_hela_enrichment.pdf> <./figures/suppleme
nt/QC/Pugh_CTCF_hela_strand_imbalance.pdf> <./figures/supplement/QC/Pugh_CTCF_h
ela_strand_imbalance.pdf>]
<figures/supplement/QC/Venters_K562_TBP_enrichment.pdf, id=197, page=1, 650.43p
t x 289.08pt>
File: figures/supplement/QC/Venters_K562_TBP_enrichment.pdf Graphic file (type 
pdf)

<use figures/supplement/QC/Venters_K562_TBP_enrichment.pdf, page 1>
Package pdftex.def Info: figures/supplement/QC/Venters_K562_TBP_enrichment.pdf,
 page1 used on input line 256.
(pdftex.def)             Requested size: 258.75pt x 115.00359pt.

<figures/supplement/QC/Venters_K562_TBP_strand_imbalance.pdf, id=198, page=1, 4
33.62pt x 325.215pt>
File: figures/supplement/QC/Venters_K562_TBP_strand_imbalance.pdf Graphic file 
(type pdf)

<use figures/supplement/QC/Venters_K562_TBP_strand_imbalance.pdf, page 1>
Package pdftex.def Info: figures/supplement/QC/Venters_K562_TBP_strand_imbalanc
e.pdf, page1 used on input line 258.
(pdftex.def)             Requested size: 224.2479pt x 168.1848pt.

<figures/supplement/QC/Venters_K562_TBP_strand_imbalance.pdf, id=199, page=3, 4
33.62pt x 325.215pt>
File: figures/supplement/QC/Venters_K562_TBP_strand_imbalance.pdf Graphic file 
(type pdf)

<use figures/supplement/QC/Venters_K562_TBP_strand_imbalance.pdf, page 3>
Package pdftex.def Info: figures/supplement/QC/Venters_K562_TBP_strand_imbalanc
e.pdf, page3 used on input line 260.
(pdftex.def)             Requested size: 224.2479pt x 168.1848pt.

[12 <./figures/supplement/QC/Carroll_ER_MCF7_enrichment.pdf> <./figures/supplem
ent/QC/Carroll_ER_MCF7_strand_imbalance.pdf> <./figures/supplement/QC/Carroll_E
R_MCF7_strand_imbalance.pdf>]
<figures/supplement/QC/Meijsing_GR_enrichment.pdf, id=215, page=1, 650.43pt x 2
89.08pt>
File: figures/supplement/QC/Meijsing_GR_enrichment.pdf Graphic file (type pdf)
 <use figures/supplement/QC/Meijsing_GR_enrichment.pdf, page 1>
Package pdftex.def Info: figures/supplement/QC/Meijsing_GR_enrichment.pdf, page
1 used on input line 269.
(pdftex.def)             Requested size: 258.75pt x 115.00359pt.

<figures/supplement/QC/Meijsing_GR_strand_imbalance.pdf, id=216, page=1, 433.62
pt x 325.215pt>
File: figures/supplement/QC/Meijsing_GR_strand_imbalance.pdf Graphic file (type
 pdf)

<use figures/supplement/QC/Meijsing_GR_strand_imbalance.pdf, page 1>
Package pdftex.def Info: figures/supplement/QC/Meijsing_GR_strand_imbalance.pdf
, page1 used on input line 271.
(pdftex.def)             Requested size: 224.2479pt x 168.1848pt.

<figures/supplement/QC/Meijsing_GR_strand_imbalance.pdf, id=217, page=3, 433.62
pt x 325.215pt>
File: figures/supplement/QC/Meijsing_GR_strand_imbalance.pdf Graphic file (type
 pdf)

<use figures/supplement/QC/Meijsing_GR_strand_imbalance.pdf, page 3>
Package pdftex.def Info: figures/supplement/QC/Meijsing_GR_strand_imbalance.pdf
, page3 used on input line 273.
(pdftex.def)             Requested size: 224.2479pt x 168.1848pt.
 [13 <./figures/supplement/QC/Venters_K562_TBP_enrichment.pdf> <./figures/suppl
ement/QC/Venters_K562_TBP_strand_imbalance.pdf> <./figures/supplement/QC/Venter
s_K562_TBP_strand_imbalance.pdf>]
<figures/supplement/QC/ChIPnexus_embryo_dorsal_enrichment.pdf, id=234, page=1, 
433.62pt x 289.08pt>
File: figures/supplement/QC/ChIPnexus_embryo_dorsal_enrichment.pdf Graphic file
 (type pdf)

<use figures/supplement/QC/ChIPnexus_embryo_dorsal_enrichment.pdf, page 1>
Package pdftex.def Info: figures/supplement/QC/ChIPnexus_embryo_dorsal_enrichme
nt.pdf, page1 used on input line 283.
(pdftex.def)             Requested size: 224.2479pt x 149.4976pt.

<figures/supplement/QC/ChIPnexus_embryo_dorsal_strand_imbalance.pdf, id=235, pa
ge=1, 433.62pt x 216.81pt>
File: figures/supplement/QC/ChIPnexus_embryo_dorsal_strand_imbalance.pdf Graphi
c file (type pdf)

<use figures/supplement/QC/ChIPnexus_embryo_dorsal_strand_imbalance.pdf, page 1
>
Package pdftex.def Info: figures/supplement/QC/ChIPnexus_embryo_dorsal_strand_i
mbalance.pdf, page1 used on input line 285.
(pdftex.def)             Requested size: 224.2479pt x 112.1232pt.

<figures/supplement/QC/ChIPnexus_embryo_dorsal_strand_imbalance.pdf, id=236, pa
ge=3, 433.62pt x 216.81pt>
File: figures/supplement/QC/ChIPnexus_embryo_dorsal_strand_imbalance.pdf Graphi
c file (type pdf)

<use figures/supplement/QC/ChIPnexus_embryo_dorsal_strand_imbalance.pdf, page 3
>
Package pdftex.def Info: figures/supplement/QC/ChIPnexus_embryo_dorsal_strand_i
mbalance.pdf, page3 used on input line 287.
(pdftex.def)             Requested size: 224.2479pt x 112.1232pt.
 [14 <./figures/supplement/QC/Meijsing_GR_enrichment.pdf> <./figures/supplement
/QC/Meijsing_GR_strand_imbalance.pdf> <./figures/supplement/QC/Meijsing_GR_stra
nd_imbalance.pdf>]
<figures/supplement/QC/ChIPnexus_embryo_twist_enrichment.pdf, id=252, page=1, 4
33.62pt x 289.08pt>
File: figures/supplement/QC/ChIPnexus_embryo_twist_enrichment.pdf Graphic file 
(type pdf)

<use figures/supplement/QC/ChIPnexus_embryo_twist_enrichment.pdf, page 1>
Package pdftex.def Info: figures/supplement/QC/ChIPnexus_embryo_twist_enrichmen
t.pdf, page1 used on input line 296.
(pdftex.def)             Requested size: 224.2479pt x 149.4976pt.

<figures/supplement/QC/ChIPnexus_embryo_twist_strand_imbalance.pdf, id=253, pag
e=1, 433.62pt x 216.81pt>
File: figures/supplement/QC/ChIPnexus_embryo_twist_strand_imbalance.pdf Graphic
 file (type pdf)

<use figures/supplement/QC/ChIPnexus_embryo_twist_strand_imbalance.pdf, page 1>
Package pdftex.def Info: figures/supplement/QC/ChIPnexus_embryo_twist_strand_im
balance.pdf, page1 used on input line 298.
(pdftex.def)             Requested size: 224.2479pt x 112.1232pt.

<figures/supplement/QC/ChIPnexus_embryo_twist_strand_imbalance.pdf, id=254, pag
e=3, 433.62pt x 216.81pt>
File: figures/supplement/QC/ChIPnexus_embryo_twist_strand_imbalance.pdf Graphic
 file (type pdf)

<use figures/supplement/QC/ChIPnexus_embryo_twist_strand_imbalance.pdf, page 3>
Package pdftex.def Info: figures/supplement/QC/ChIPnexus_embryo_twist_strand_im
balance.pdf, page3 used on input line 300.
(pdftex.def)             Requested size: 224.2479pt x 112.1232pt.
[15 <./figures/supplement/QC/ChIPnexus_embryo_dorsal_enrichment.pdf> <./figures
/supplement/QC/ChIPnexus_embryo_dorsal_strand_imbalance.pdf> <./figures/supplem
ent/QC/ChIPnexus_embryo_dorsal_strand_imbalance.pdf>]
<figures/supplement/QC/ChIPnexus_S2_max_enrichment.pdf, id=270, page=1, 433.62p
t x 289.08pt>
File: figures/supplement/QC/ChIPnexus_S2_max_enrichment.pdf Graphic file (type 
pdf)

<use figures/supplement/QC/ChIPnexus_S2_max_enrichment.pdf, page 1>
Package pdftex.def Info: figures/supplement/QC/ChIPnexus_S2_max_enrichment.pdf,
 page1 used on input line 309.
(pdftex.def)             Requested size: 224.2479pt x 149.4976pt.

<figures/supplement/QC/ChIPnexus_S2_max_strand_imbalance.pdf, id=271, page=1, 4
33.62pt x 216.81pt>
File: figures/supplement/QC/ChIPnexus_S2_max_strand_imbalance.pdf Graphic file 
(type pdf)

<use figures/supplement/QC/ChIPnexus_S2_max_strand_imbalance.pdf, page 1>
Package pdftex.def Info: figures/supplement/QC/ChIPnexus_S2_max_strand_imbalanc
e.pdf, page1 used on input line 311.
(pdftex.def)             Requested size: 224.2479pt x 112.1232pt.

<figures/supplement/QC/ChIPnexus_S2_max_strand_imbalance.pdf, id=272, page=3, 4
33.62pt x 216.81pt>
File: figures/supplement/QC/ChIPnexus_S2_max_strand_imbalance.pdf Graphic file 
(type pdf)

<use figures/supplement/QC/ChIPnexus_S2_max_strand_imbalance.pdf, page 3>
Package pdftex.def Info: figures/supplement/QC/ChIPnexus_S2_max_strand_imbalanc
e.pdf, page3 used on input line 313.
(pdftex.def)             Requested size: 224.2479pt x 112.1232pt.

[16 <./figures/supplement/QC/ChIPnexus_embryo_twist_enrichment.pdf> <./figures/
supplement/QC/ChIPnexus_embryo_twist_strand_imbalance.pdf> <./figures/supplemen
t/QC/ChIPnexus_embryo_twist_strand_imbalance.pdf>]
<figures/supplement/QC/ChIPnexus_S2_myc_enrichment.pdf, id=288, page=1, 433.62p
t x 289.08pt>
File: figures/supplement/QC/ChIPnexus_S2_myc_enrichment.pdf Graphic file (type 
pdf)

<use figures/supplement/QC/ChIPnexus_S2_myc_enrichment.pdf, page 1>
Package pdftex.def Info: figures/supplement/QC/ChIPnexus_S2_myc_enrichment.pdf,
 page1 used on input line 322.
(pdftex.def)             Requested size: 224.2479pt x 149.4976pt.

<figures/supplement/QC/ChIPnexus_S2_myc_strand_imbalance.pdf, id=289, page=1, 4
33.62pt x 216.81pt>
File: figures/supplement/QC/ChIPnexus_S2_myc_strand_imbalance.pdf Graphic file 
(type pdf)

<use figures/supplement/QC/ChIPnexus_S2_myc_strand_imbalance.pdf, page 1>
Package pdftex.def Info: figures/supplement/QC/ChIPnexus_S2_myc_strand_imbalanc
e.pdf, page1 used on input line 324.
(pdftex.def)             Requested size: 224.2479pt x 112.1232pt.

<figures/supplement/QC/ChIPnexus_S2_myc_strand_imbalance.pdf, id=290, page=3, 4
33.62pt x 216.81pt>
File: figures/supplement/QC/ChIPnexus_S2_myc_strand_imbalance.pdf Graphic file 
(type pdf)

<use figures/supplement/QC/ChIPnexus_S2_myc_strand_imbalance.pdf, page 3>
Package pdftex.def Info: figures/supplement/QC/ChIPnexus_S2_myc_strand_imbalanc
e.pdf, page3 used on input line 326.
(pdftex.def)             Requested size: 224.2479pt x 112.1232pt.

[17 <./figures/supplement/QC/ChIPnexus_S2_max_enrichment.pdf> <./figures/supple
ment/QC/ChIPnexus_S2_max_strand_imbalance.pdf> <./figures/supplement/QC/ChIPnex
us_S2_max_strand_imbalance.pdf>]
<figures/supplement/QC/ChIPnexus_K562_TBP_enrichment.pdf, id=306, page=1, 433.6
2pt x 289.08pt>
File: figures/supplement/QC/ChIPnexus_K562_TBP_enrichment.pdf Graphic file (typ
e pdf)

<use figures/supplement/QC/ChIPnexus_K562_TBP_enrichment.pdf, page 1>
Package pdftex.def Info: figures/supplement/QC/ChIPnexus_K562_TBP_enrichment.pd
f, page1 used on input line 336.
(pdftex.def)             Requested size: 224.2479pt x 149.4976pt.

<figures/supplement/QC/ChIPnexus_K562_TBP_strand_imbalance.pdf, id=307, page=1,
 433.62pt x 216.81pt>
File: figures/supplement/QC/ChIPnexus_K562_TBP_strand_imbalance.pdf Graphic fil
e (type pdf)

<use figures/supplement/QC/ChIPnexus_K562_TBP_strand_imbalance.pdf, page 1>
Package pdftex.def Info: figures/supplement/QC/ChIPnexus_K562_TBP_strand_imbala
nce.pdf, page1 used on input line 338.
(pdftex.def)             Requested size: 224.2479pt x 112.1232pt.

<figures/supplement/QC/ChIPnexus_K562_TBP_strand_imbalance.pdf, id=308, page=3,
 433.62pt x 216.81pt>
File: figures/supplement/QC/ChIPnexus_K562_TBP_strand_imbalance.pdf Graphic fil
e (type pdf)

<use figures/supplement/QC/ChIPnexus_K562_TBP_strand_imbalance.pdf, page 3>
Package pdftex.def Info: figures/supplement/QC/ChIPnexus_K562_TBP_strand_imbala
nce.pdf, page3 used on input line 340.
(pdftex.def)             Requested size: 224.2479pt x 112.1232pt.

[18 <./figures/supplement/QC/ChIPnexus_S2_myc_enrichment.pdf> <./figures/supple
ment/QC/ChIPnexus_S2_myc_strand_imbalance.pdf> <./figures/supplement/QC/ChIPnex
us_S2_myc_strand_imbalance.pdf>] [19 <./figures/supplement/QC/ChIPnexus_K562_TB
P_enrichment.pdf> <./figures/supplement/QC/ChIPnexus_K562_TBP_strand_imbalance.
pdf> <./figures/supplement/QC/ChIPnexus_K562_TBP_strand_imbalance.pdf>]
<figures/supplement/QC_samp/Sig70_sample_bios1_enrichment.pdf, id=340, page=1, 
1589.94pt x 722.7pt>
File: figures/supplement/QC_samp/Sig70_sample_bios1_enrichment.pdf Graphic file
 (type pdf)

<use figures/supplement/QC_samp/Sig70_sample_bios1_enrichment.pdf, page 1>
Package pdftex.def Info: figures/supplement/QC_samp/Sig70_sample_bios1_enrichme
nt.pdf, page1 used on input line 354.
(pdftex.def)             Requested size: 522.49832pt x 237.49925pt.

Overfull \vbox (16.28995pt too high) has occurred while \output is active []


[20 <./figures/supplement/QC_samp/Sig70_sample_bios1_enrichment.pdf>]
<figures/supplement/QC_samp/Sig70_sample_bios1_strand_imbalance.pdf, id=351, pa
ge=1, 722.7pt x 650.43pt>
File: figures/supplement/QC_samp/Sig70_sample_bios1_strand_imbalance.pdf Graphi
c file (type pdf)

<use figures/supplement/QC_samp/Sig70_sample_bios1_strand_imbalance.pdf, page 1
>
Package pdftex.def Info: figures/supplement/QC_samp/Sig70_sample_bios1_strand_i
mbalance.pdf, page1 used on input line 360.
(pdftex.def)             Requested size: 494.99664pt x 445.50217pt.

Overfull \hbox (100.50217pt too wide) in paragraph at lines 360--361
 [][] 
 []


<figures/supplement/QC_samp/Sig70_sample_bios1_strand_imbalance.pdf, id=352, pa
ge=3, 722.7pt x 650.43pt>
File: figures/supplement/QC_samp/Sig70_sample_bios1_strand_imbalance.pdf Graphi
c file (type pdf)

<use figures/supplement/QC_samp/Sig70_sample_bios1_strand_imbalance.pdf, page 3
>
Package pdftex.def Info: figures/supplement/QC_samp/Sig70_sample_bios1_strand_i
mbalance.pdf, page3 used on input line 366.
(pdftex.def)             Requested size: 494.99664pt x 445.50217pt.

Overfull \hbox (100.50217pt too wide) in paragraph at lines 366--370
 [][] 
 []

[21 <./figures/supplement/QC_samp/Sig70_sample_bios1_strand_imbalance.pdf>]
<figures/supplement/QC_samp/Sig70_sample_bios2_enrichment.pdf, id=361, page=1, 
1589.94pt x 722.7pt>
File: figures/supplement/QC_samp/Sig70_sample_bios2_enrichment.pdf Graphic file
 (type pdf)

<use figures/supplement/QC_samp/Sig70_sample_bios2_enrichment.pdf, page 1>
Package pdftex.def Info: figures/supplement/QC_samp/Sig70_sample_bios2_enrichme
nt.pdf, page1 used on input line 376.
(pdftex.def)             Requested size: 522.49832pt x 237.49925pt.

[22 <./figures/supplement/QC_samp/Sig70_sample_bios1_strand_imbalance.pdf>]
<figures/supplement/QC_samp/Sig70_sample_bios2_strand_imbalance.pdf, id=365, pa
ge=1, 722.7pt x 650.43pt>
File: figures/supplement/QC_samp/Sig70_sample_bios2_strand_imbalance.pdf Graphi
c file (type pdf)

<use figures/supplement/QC_samp/Sig70_sample_bios2_strand_imbalance.pdf, page 1
>
Package pdftex.def Info: figures/supplement/QC_samp/Sig70_sample_bios2_strand_i
mbalance.pdf, page1 used on input line 382.
(pdftex.def)             Requested size: 494.99664pt x 445.50217pt.

Overfull \hbox (100.50217pt too wide) in paragraph at lines 382--383
 [][] 
 []

[23 <./figures/supplement/QC_samp/Sig70_sample_bios2_enrichment.pdf>]
<figures/supplement/QC_samp/Sig70_sample_bios2_strand_imbalance.pdf, id=377, pa
ge=3, 722.7pt x 650.43pt>
File: figures/supplement/QC_samp/Sig70_sample_bios2_strand_imbalance.pdf Graphi
c file (type pdf)

<use figures/supplement/QC_samp/Sig70_sample_bios2_strand_imbalance.pdf, page 3
>
Package pdftex.def Info: figures/supplement/QC_samp/Sig70_sample_bios2_strand_i
mbalance.pdf, page3 used on input line 388.
(pdftex.def)             Requested size: 494.99664pt x 445.50217pt.

Overfull \hbox (100.50217pt too wide) in paragraph at lines 388--391
 [][] 
 []

[24 <./figures/supplement/QC_samp/Sig70_sample_bios2_strand_imbalance.pdf>]
<figures/supplement/QC_samp/TBP_sample_enrichment.pdf, id=386, page=1, 867.24pt
 x 578.16pt>
File: figures/supplement/QC_samp/TBP_sample_enrichment.pdf Graphic file (type p
df)

<use figures/supplement/QC_samp/TBP_sample_enrichment.pdf, page 1>
Package pdftex.def Info: figures/supplement/QC_samp/TBP_sample_enrichment.pdf, 
page1 used on input line 398.
(pdftex.def)             Requested size: 329.99132pt x 219.99664pt.

<figures/supplement/QC_samp/TBP_sample_strand_imbalance.pdf, id=387, page=1, 50
5.89pt x 433.62pt>
File: figures/supplement/QC_samp/TBP_sample_strand_imbalance.pdf Graphic file (
type pdf)

<use figures/supplement/QC_samp/TBP_sample_strand_imbalance.pdf, page 1>
Package pdftex.def Info: figures/supplement/QC_samp/TBP_sample_strand_imbalance
.pdf, page1 used on input line 400.
(pdftex.def)             Requested size: 160.41373pt x 137.5pt.

<figures/supplement/QC_samp/TBP_sample_strand_imbalance.pdf, id=388, page=3, 50
5.89pt x 433.62pt>
File: figures/supplement/QC_samp/TBP_sample_strand_imbalance.pdf Graphic file (
type pdf)

<use figures/supplement/QC_samp/TBP_sample_strand_imbalance.pdf, page 3>
Package pdftex.def Info: figures/supplement/QC_samp/TBP_sample_strand_imbalance
.pdf, page3 used on input line 402.
(pdftex.def)             Requested size: 160.41373pt x 137.5pt.

[25 <./figures/supplement/QC_samp/Sig70_sample_bios2_strand_imbalance.pdf>]
[26 <./figures/supplement/QC_samp/TBP_sample_enrichment.pdf> <./figures/supplem
ent/QC_samp/TBP_sample_strand_imbalance.pdf> <./figures/supplement/QC_samp/TBP_
sample_strand_imbalance.pdf>]
<figures/supplement/peak_overlaps/FoxA1_VennDiagram_QC_region_w_motif_and_peaks
.pdf, id=408, page=1, 505.89pt x 505.89pt>
File: figures/supplement/peak_overlaps/FoxA1_VennDiagram_QC_region_w_motif_and_
peaks.pdf Graphic file (type pdf)

<use figures/supplement/peak_overlaps/FoxA1_VennDiagram_QC_region_w_motif_and_p
eaks.pdf, page 1>
Package pdftex.def Info: figures/supplement/peak_overlaps/FoxA1_VennDiagram_QC_
region_w_motif_and_peaks.pdf, page1 used on input line 418.
(pdftex.def)             Requested size: 155.24895pt x 155.24954pt.

<figures/supplement/peak_overlaps/FoxA1_VennDiagram_QC_region_w_motif_and_peaks
.pdf, id=409, page=2, 505.89pt x 505.89pt>
File: figures/supplement/peak_overlaps/FoxA1_VennDiagram_QC_region_w_motif_and_
peaks.pdf Graphic file (type pdf)

<use figures/supplement/peak_overlaps/FoxA1_VennDiagram_QC_region_w_motif_and_p
eaks.pdf, page 2>
Package pdftex.def Info: figures/supplement/peak_overlaps/FoxA1_VennDiagram_QC_
region_w_motif_and_peaks.pdf, page2 used on input line 420.
(pdftex.def)             Requested size: 155.24895pt x 155.24954pt.

<figures/supplement/peak_overlaps/FoxA1_VennDiagram_QC_region_w_motif_and_peaks
.pdf, id=410, page=3, 505.89pt x 505.89pt>
File: figures/supplement/peak_overlaps/FoxA1_VennDiagram_QC_region_w_motif_and_
peaks.pdf Graphic file (type pdf)

<use figures/supplement/peak_overlaps/FoxA1_VennDiagram_QC_region_w_motif_and_p
eaks.pdf, page 3>
Package pdftex.def Info: figures/supplement/peak_overlaps/FoxA1_VennDiagram_QC_
region_w_motif_and_peaks.pdf, page3 used on input line 422.
(pdftex.def)             Requested size: 155.24895pt x 155.24954pt.
 [27 <./figures/supplement/peak_overlaps/FoxA1_VennDiagram_QC_region_w_motif_an
d_peaks.pdf> <./figures/supplement/peak_overlaps/FoxA1_VennDiagram_QC_region_w_
motif_and_peaks.pdf> <./figures/supplement/peak_overlaps/FoxA1_VennDiagram_QC_r
egion_w_motif_and_peaks.pdf>] (./supplement.aux) ) 
Here is how much of TeX's memory you used:
 3162 strings out of 493629
 58043 string characters out of 3134964
 103707 words of memory out of 3000000
 6396 multiletter control sequences out of 15000+200000
 8241 words of font info for 29 fonts, out of 3000000 for 9000
 831 hyphenation exceptions out of 8191
 38i,8n,35p,377b,267s stack positions out of 5000i,500n,10000p,200000b,50000s
</afs/cs.wisc.edu/s/texlive-2
011/amd64_rhel5/texmf-dist/fonts/type1/public/amsfonts/cm/cmbx10.pfb></afs/cs.w
isc.edu/s/texlive-2011/amd64_rhel5/texmf-dist/fonts/type1/public/amsfonts/cm/cm
bx12.pfb></afs/cs.wisc.edu/s/texlive-2011/amd64_rhel5/texmf-dist/fonts/type1/pu
blic/amsfonts/cm/cmmi10.pfb></afs/cs.wisc.edu/s/texlive-2011/amd64_rhel5/texmf-
dist/fonts/type1/public/amsfonts/cm/cmr10.pfb></afs/cs.wisc.edu/s/texlive-2011/
amd64_rhel5/texmf-dist/fonts/type1/public/amsfonts/cm/cmr12.pfb></afs/cs.wisc.e
du/s/texlive-2011/amd64_rhel5/texmf-dist/fonts/type1/public/amsfonts/cm/cmr17.p
fb></afs/cs.wisc.edu/s/texlive-2011/amd64_rhel5/texmf-dist/fonts/type1/public/a
msfonts/cm/cmr7.pfb></afs/cs.wisc.edu/s/texlive-2011/amd64_rhel5/texmf-dist/fon
ts/type1/public/amsfonts/cm/cmr8.pfb></afs/cs.wisc.edu/s/texlive-2011/amd64_rhe
l5/texmf-dist/fonts/type1/public/amsfonts/cm/cmti10.pfb>
Output written on supplement.pdf (27 pages, 3146142 bytes).
PDF statistics:
 449 PDF objects out of 1000 (max. 8388607)
 260 compressed objects within 3 object streams
 0 named destinations out of 1000 (max. 500000)
 341 words of extra memory for PDF output out of 10000 (max. 10000000)

